{
  "stats": {
    "suites": 21,
    "tests": 61,
    "passes": 58,
    "pending": 0,
    "failures": 3,
    "start": "2020-09-29T00:19:49.352Z",
    "end": "2020-09-29T00:20:46.181Z",
    "duration": 56829,
    "testsRegistered": 68,
    "passPercent": 85.29411764705883,
    "pendingPercent": 0,
    "other": 1,
    "hasOther": true,
    "skipped": 7,
    "hasSkipped": true
  },
  "results": [
    {
      "uuid": "721769a3-4618-4d8a-a6c2-a4d43b19dec9",
      "title": "",
      "fullFile": "cypress/integration/project.spec.js",
      "file": "cypress/integration/project.spec.js",
      "beforeHooks": [],
      "afterHooks": [],
      "tests": [],
      "suites": [
        {
          "uuid": "a68579b3-9484-473f-8aef-87edc14a8dbd",
          "title": "Facebook Signup",
          "fullFile": "",
          "file": "",
          "beforeHooks": [],
          "afterHooks": [],
          "tests": [],
          "suites": [
            {
              "uuid": "db07b3e8-e1b8-47f9-bc12-b9681de25fb7",
              "title": "Crie uma barra azul na parte superior da página com a classe top-bar",
              "fullFile": "",
              "file": "",
              "beforeHooks": [],
              "afterHooks": [],
              "tests": [
                {
                  "title": "Esta barra deve possuir a classe top-bar",
                  "fullTitle": "Facebook Signup Crie uma barra azul na parte superior da página com a classe top-bar Esta barra deve possuir a classe top-bar",
                  "timedOut": null,
                  "duration": 1100,
                  "state": "passed",
                  "speed": "slow",
                  "pass": true,
                  "fail": false,
                  "pending": false,
                  "context": null,
                  "code": "cy.get(TOP_BAR_SELECTOR).should('exist');",
                  "err": {},
                  "uuid": "d33afe9c-8b2c-4150-a2da-f00cbdd413ed",
                  "parentUUID": "db07b3e8-e1b8-47f9-bc12-b9681de25fb7",
                  "isHook": false,
                  "skipped": false
                },
                {
                  "title": "A classe top-bar deve determinar que o elemento é um flex container",
                  "fullTitle": "Facebook Signup Crie uma barra azul na parte superior da página com a classe top-bar A classe top-bar deve determinar que o elemento é um flex container",
                  "timedOut": null,
                  "duration": 2630,
                  "state": "passed",
                  "speed": "slow",
                  "pass": true,
                  "fail": false,
                  "pending": false,
                  "context": null,
                  "code": "cy.get(TOP_BAR_SELECTOR).should('have.css', 'display', 'flex');",
                  "err": {},
                  "uuid": "fca192fe-e15c-4699-9895-275a06d89a92",
                  "parentUUID": "db07b3e8-e1b8-47f9-bc12-b9681de25fb7",
                  "isHook": false,
                  "skipped": false
                },
                {
                  "title": "A classe top-bar deve possuir a propriedade `background-color: rgb(66, 103, 178)`",
                  "fullTitle": "Facebook Signup Crie uma barra azul na parte superior da página com a classe top-bar A classe top-bar deve possuir a propriedade `background-color: rgb(66, 103, 178)`",
                  "timedOut": null,
                  "duration": 958,
                  "state": "passed",
                  "speed": "slow",
                  "pass": true,
                  "fail": false,
                  "pending": false,
                  "context": null,
                  "code": "cy.get(TOP_BAR_SELECTOR).should('have.css', 'background-color', 'rgb(66, 103, 178)');",
                  "err": {},
                  "uuid": "324808ea-522b-466a-9ed3-33ff9aa4373f",
                  "parentUUID": "db07b3e8-e1b8-47f9-bc12-b9681de25fb7",
                  "isHook": false,
                  "skipped": false
                }
              ],
              "suites": [],
              "passes": [
                "d33afe9c-8b2c-4150-a2da-f00cbdd413ed",
                "fca192fe-e15c-4699-9895-275a06d89a92",
                "324808ea-522b-466a-9ed3-33ff9aa4373f"
              ],
              "failures": [],
              "pending": [],
              "skipped": [],
              "duration": 4688,
              "root": false,
              "rootEmpty": false,
              "_timeout": 2000
            },
            {
              "uuid": "9ba2e20d-fd17-4a2b-a2f7-7db68596f3b0",
              "title": "A barra superior deve conter o logotipo do Facebook no canto esquerdo com a classe facebook-logo",
              "fullFile": "",
              "file": "",
              "beforeHooks": [],
              "afterHooks": [],
              "tests": [
                {
                  "title": "O logotipo deve estar alinhado a esquerda dentro da barra azul",
                  "fullTitle": "Facebook Signup A barra superior deve conter o logotipo do Facebook no canto esquerdo com a classe facebook-logo O logotipo deve estar alinhado a esquerda dentro da barra azul",
                  "timedOut": null,
                  "duration": 879,
                  "state": "passed",
                  "speed": "slow",
                  "pass": true,
                  "fail": false,
                  "pending": false,
                  "context": null,
                  "code": "cy.get(FACEBOOK_LOGOTIPO_SELECTOR).should('be.leftAligned', '.top-bar');",
                  "err": {},
                  "uuid": "5b7e866b-54e0-4041-84e1-a790df1c9d83",
                  "parentUUID": "9ba2e20d-fd17-4a2b-a2f7-7db68596f3b0",
                  "isHook": false,
                  "skipped": false
                },
                {
                  "title": "Deve existir um elemento img com a classe facebook-logo",
                  "fullTitle": "Facebook Signup A barra superior deve conter o logotipo do Facebook no canto esquerdo com a classe facebook-logo Deve existir um elemento img com a classe facebook-logo",
                  "timedOut": null,
                  "duration": 328,
                  "state": "passed",
                  "speed": "slow",
                  "pass": true,
                  "fail": false,
                  "pending": false,
                  "context": null,
                  "code": "cy.get(FACEBOOK_LOGOTIPO_SELECTOR).should('exist');",
                  "err": {},
                  "uuid": "e13c3838-c1ea-4223-b9da-ce6d598cebab",
                  "parentUUID": "9ba2e20d-fd17-4a2b-a2f7-7db68596f3b0",
                  "isHook": false,
                  "skipped": false
                },
                {
                  "title": "O atributo src do logotipo deve apontar para imgs/facebook-logo.png",
                  "fullTitle": "Facebook Signup A barra superior deve conter o logotipo do Facebook no canto esquerdo com a classe facebook-logo O atributo src do logotipo deve apontar para imgs/facebook-logo.png",
                  "timedOut": null,
                  "duration": 309,
                  "state": "passed",
                  "speed": "slow",
                  "pass": true,
                  "fail": false,
                  "pending": false,
                  "context": null,
                  "code": "cy.get(FACEBOOK_LOGOTIPO_SELECTOR).should('have.attr', 'src').should('equal', 'imgs/facebook-logo.png');",
                  "err": {},
                  "uuid": "16db22b0-b1c2-4cd1-b0f0-c7c3e4dd9b0b",
                  "parentUUID": "9ba2e20d-fd17-4a2b-a2f7-7db68596f3b0",
                  "isHook": false,
                  "skipped": false
                }
              ],
              "suites": [],
              "passes": [
                "5b7e866b-54e0-4041-84e1-a790df1c9d83",
                "e13c3838-c1ea-4223-b9da-ce6d598cebab",
                "16db22b0-b1c2-4cd1-b0f0-c7c3e4dd9b0b"
              ],
              "failures": [],
              "pending": [],
              "skipped": [],
              "duration": 1516,
              "root": false,
              "rootEmpty": false,
              "_timeout": 2000
            },
            {
              "uuid": "8c6f4fe1-4043-41a4-9b0a-0b7c2280c16b",
              "title": "A barra superior deve conter um formulário de autenticação no canto direito",
              "fullFile": "",
              "file": "",
              "beforeHooks": [],
              "afterHooks": [],
              "tests": [
                {
                  "title": "O formulário deve estar alinhado a direita dentro da barra azul",
                  "fullTitle": "Facebook Signup A barra superior deve conter um formulário de autenticação no canto direito O formulário deve estar alinhado a direita dentro da barra azul",
                  "timedOut": null,
                  "duration": 502,
                  "state": "passed",
                  "speed": "slow",
                  "pass": true,
                  "fail": false,
                  "pending": false,
                  "context": null,
                  "code": "cy.get(FACEBOOK_LOGIN_FORM_SELECTOR).should('be.rightAligned', '.top-bar');",
                  "err": {},
                  "uuid": "48a3e4db-d262-4f9e-b1c8-a65d6e021e0c",
                  "parentUUID": "8c6f4fe1-4043-41a4-9b0a-0b7c2280c16b",
                  "isHook": false,
                  "skipped": false
                },
                {
                  "title": "Existe formulário possui uma classe chamada facebook-login",
                  "fullTitle": "Facebook Signup A barra superior deve conter um formulário de autenticação no canto direito Existe formulário possui uma classe chamada facebook-login",
                  "timedOut": null,
                  "duration": 151,
                  "state": "passed",
                  "speed": "slow",
                  "pass": true,
                  "fail": false,
                  "pending": false,
                  "context": null,
                  "code": "cy.get(FACEBOOK_LOGIN_FORM_SELECTOR).should('exist');",
                  "err": {},
                  "uuid": "9dbb4c51-2c57-421c-b9a3-bb42b87bde70",
                  "parentUUID": "8c6f4fe1-4043-41a4-9b0a-0b7c2280c16b",
                  "isHook": false,
                  "skipped": false
                },
                {
                  "title": "O formulário deve ser um flex container",
                  "fullTitle": "Facebook Signup A barra superior deve conter um formulário de autenticação no canto direito O formulário deve ser um flex container",
                  "timedOut": null,
                  "duration": 1393,
                  "state": "passed",
                  "speed": "slow",
                  "pass": true,
                  "fail": false,
                  "pending": false,
                  "context": null,
                  "code": "cy.get(FACEBOOK_LOGIN_FORM_SELECTOR).should('have.css', 'display', 'flex');",
                  "err": {},
                  "uuid": "89f12585-b78b-4e50-9a5f-643d5db18973",
                  "parentUUID": "8c6f4fe1-4043-41a4-9b0a-0b7c2280c16b",
                  "isHook": false,
                  "skipped": false
                }
              ],
              "suites": [],
              "passes": [
                "48a3e4db-d262-4f9e-b1c8-a65d6e021e0c",
                "9dbb4c51-2c57-421c-b9a3-bb42b87bde70",
                "89f12585-b78b-4e50-9a5f-643d5db18973"
              ],
              "failures": [],
              "pending": [],
              "skipped": [],
              "duration": 2046,
              "root": false,
              "rootEmpty": false,
              "_timeout": 2000
            },
            {
              "uuid": "595dbe3d-434f-4251-ae21-f1cb84c8423b",
              "title": "Crie uma classe no CSS chamada form-group",
              "fullFile": "",
              "file": "",
              "beforeHooks": [],
              "afterHooks": [],
              "tests": [
                {
                  "title": "Essa classe deve possuir a propriedade `diplay: flex`",
                  "fullTitle": "Facebook Signup Crie uma classe no CSS chamada form-group Essa classe deve possuir a propriedade `diplay: flex`",
                  "timedOut": null,
                  "duration": 731,
                  "state": "passed",
                  "speed": "slow",
                  "pass": true,
                  "fail": false,
                  "pending": false,
                  "context": null,
                  "code": "cy.get('.form-group').should('have.css', 'display', 'flex');",
                  "err": {},
                  "uuid": "9f01421c-abd4-4e03-bffd-f59397b2d8d3",
                  "parentUUID": "595dbe3d-434f-4251-ae21-f1cb84c8423b",
                  "isHook": false,
                  "skipped": false
                },
                {
                  "title": "Alinhe o eixo principal dessa classe para ser o eixo vertical",
                  "fullTitle": "Facebook Signup Crie uma classe no CSS chamada form-group Alinhe o eixo principal dessa classe para ser o eixo vertical",
                  "timedOut": null,
                  "duration": 502,
                  "state": "passed",
                  "speed": "slow",
                  "pass": true,
                  "fail": false,
                  "pending": false,
                  "context": null,
                  "code": "cy.get('.form-group').should('have.css', 'flex-direction', 'column');",
                  "err": {},
                  "uuid": "e7187a97-b486-4f5f-8503-f6402098677d",
                  "parentUUID": "595dbe3d-434f-4251-ae21-f1cb84c8423b",
                  "isHook": false,
                  "skipped": false
                }
              ],
              "suites": [],
              "passes": [
                "9f01421c-abd4-4e03-bffd-f59397b2d8d3",
                "e7187a97-b486-4f5f-8503-f6402098677d"
              ],
              "failures": [],
              "pending": [],
              "skipped": [],
              "duration": 1233,
              "root": false,
              "rootEmpty": false,
              "_timeout": 2000
            },
            {
              "uuid": "dbe9b766-ef31-41fa-8f18-f084eee9c2a0",
              "title": "Adicione o primeiro subcontainer com a classe form-group para agrupar o rótulo e campo \"E-mail ou telefone\" dentro do formulário criado na etapa 3",
              "fullFile": "",
              "file": "",
              "beforeHooks": [],
              "afterHooks": [],
              "tests": [
                {
                  "title": "Deve haver um container utilizando a classe `form-group` criada no passo anterior",
                  "fullTitle": "Facebook Signup Adicione o primeiro subcontainer com a classe form-group para agrupar o rótulo e campo \"E-mail ou telefone\" dentro do formulário criado na etapa 3 Deve haver um container utilizando a classe `form-group` criada no passo anterior",
                  "timedOut": null,
                  "duration": 270,
                  "state": "passed",
                  "speed": "slow",
                  "pass": true,
                  "fail": false,
                  "pending": false,
                  "context": null,
                  "code": "cy.get('form.facebook-login').children().first().should('exist').should('have.class', 'form-group');",
                  "err": {},
                  "uuid": "425be7a3-160a-46d0-abb6-19663c455465",
                  "parentUUID": "dbe9b766-ef31-41fa-8f18-f084eee9c2a0",
                  "isHook": false,
                  "skipped": false
                },
                {
                  "title": "Dentro do container `form-group` criado, deve haver um rótulo com o id user-email-phone-label e o texto \"Email ou telefone\"",
                  "fullTitle": "Facebook Signup Adicione o primeiro subcontainer com a classe form-group para agrupar o rótulo e campo \"E-mail ou telefone\" dentro do formulário criado na etapa 3 Dentro do container `form-group` criado, deve haver um rótulo com o id user-email-phone-label e o texto \"Email ou telefone\"",
                  "timedOut": null,
                  "duration": 312,
                  "state": "passed",
                  "speed": "slow",
                  "pass": true,
                  "fail": false,
                  "pending": false,
                  "context": null,
                  "code": "cy.get(USER_IDENTIFIER_LABEL_SELECTOR).parent().should('have.class', 'form-group');\ncy.get(USER_IDENTIFIER_LABEL_SELECTOR).should('exist').should('have.text', USER_IDENTIFIER_LABEL_TEXT_SELECTOR);",
                  "err": {},
                  "uuid": "d727cfa0-1fc7-4265-bcec-ec36774f1dcc",
                  "parentUUID": "dbe9b766-ef31-41fa-8f18-f084eee9c2a0",
                  "isHook": false,
                  "skipped": false
                },
                {
                  "title": "Dentro do container `form-group` criado, abaixo do rótulo deve haver campo de entrada de texto para receber o email ou o telefone do usuário com o id user-email-phone",
                  "fullTitle": "Facebook Signup Adicione o primeiro subcontainer com a classe form-group para agrupar o rótulo e campo \"E-mail ou telefone\" dentro do formulário criado na etapa 3 Dentro do container `form-group` criado, abaixo do rótulo deve haver campo de entrada de texto para receber o email ou o telefone do usuário com o id user-email-phone",
                  "timedOut": null,
                  "duration": 272,
                  "state": "passed",
                  "speed": "slow",
                  "pass": true,
                  "fail": false,
                  "pending": false,
                  "context": null,
                  "code": "cy.get(USER_IDENTIFIER_INPUT_SELECTOR).should('exist');\ncy.get(USER_IDENTIFIER_INPUT_SELECTOR).parent().should('have.class', 'form-group');\ncheckIsBelowOf(USER_IDENTIFIER_LABEL_SELECTOR, USER_IDENTIFIER_INPUT_SELECTOR);",
                  "err": {},
                  "uuid": "e3b53af9-a92f-48d8-a414-270d5290ee85",
                  "parentUUID": "dbe9b766-ef31-41fa-8f18-f084eee9c2a0",
                  "isHook": false,
                  "skipped": false
                }
              ],
              "suites": [],
              "passes": [
                "425be7a3-160a-46d0-abb6-19663c455465",
                "d727cfa0-1fc7-4265-bcec-ec36774f1dcc",
                "e3b53af9-a92f-48d8-a414-270d5290ee85"
              ],
              "failures": [],
              "pending": [],
              "skipped": [],
              "duration": 854,
              "root": false,
              "rootEmpty": false,
              "_timeout": 2000
            },
            {
              "uuid": "affc2226-d484-4a24-b51e-4972ea59c4b8",
              "title": "Adicione o segundo subcontainer com a classe form-group para agrupar o rótulo e campo \"Senha\" dentro do formulário criado na etapa 3",
              "fullFile": "",
              "file": "",
              "beforeHooks": [],
              "afterHooks": [],
              "tests": [
                {
                  "title": "Deve haver um novo container utilizando a classe `form-group` criada no passo 4",
                  "fullTitle": "Facebook Signup Adicione o segundo subcontainer com a classe form-group para agrupar o rótulo e campo \"Senha\" dentro do formulário criado na etapa 3 Deve haver um novo container utilizando a classe `form-group` criada no passo 4",
                  "timedOut": null,
                  "duration": 228,
                  "state": "passed",
                  "speed": "slow",
                  "pass": true,
                  "fail": false,
                  "pending": false,
                  "context": null,
                  "code": "cy.get(\"form.facebook-login > .form-group\").eq(1).should('exist');",
                  "err": {},
                  "uuid": "3a9f30c6-2955-4daa-bef9-9683761ace9b",
                  "parentUUID": "affc2226-d484-4a24-b51e-4972ea59c4b8",
                  "isHook": false,
                  "skipped": false
                },
                {
                  "title": "Dentro do novo container `form-group` criado, deve haver um rótulo com o id user-password-label e o texto \"Senha\"",
                  "fullTitle": "Facebook Signup Adicione o segundo subcontainer com a classe form-group para agrupar o rótulo e campo \"Senha\" dentro do formulário criado na etapa 3 Dentro do novo container `form-group` criado, deve haver um rótulo com o id user-password-label e o texto \"Senha\"",
                  "timedOut": null,
                  "duration": 157,
                  "state": "passed",
                  "speed": "slow",
                  "pass": true,
                  "fail": false,
                  "pending": false,
                  "context": null,
                  "code": "cy.get(\"form.facebook-login .form-group label#user-password-label\").should('exist').should('have.text', USER_PASSWORD_LABEL_TEXT_SELECTOR);",
                  "err": {},
                  "uuid": "9bf45fc7-bbe9-44d7-9664-f72992605969",
                  "parentUUID": "affc2226-d484-4a24-b51e-4972ea59c4b8",
                  "isHook": false,
                  "skipped": false
                },
                {
                  "title": "Dentro do novo container `form-group` criado, abaixo do rótulo deve haver campo de entrada para senha com o id user-password",
                  "fullTitle": "Facebook Signup Adicione o segundo subcontainer com a classe form-group para agrupar o rótulo e campo \"Senha\" dentro do formulário criado na etapa 3 Dentro do novo container `form-group` criado, abaixo do rótulo deve haver campo de entrada para senha com o id user-password",
                  "timedOut": null,
                  "duration": 201,
                  "state": "passed",
                  "speed": "slow",
                  "pass": true,
                  "fail": false,
                  "pending": false,
                  "context": null,
                  "code": "cy.get(\"form.facebook-login .form-group input#user-password\").should('exist');\ncheckIsBelowOf(USER_PASSWORD_LABEL_SELECTOR, USER_PASSWORD_INPUT_SELECTOR);",
                  "err": {},
                  "uuid": "77b96f07-ff92-41fc-92f1-64a940cd8f64",
                  "parentUUID": "affc2226-d484-4a24-b51e-4972ea59c4b8",
                  "isHook": false,
                  "skipped": false
                }
              ],
              "suites": [],
              "passes": [
                "3a9f30c6-2955-4daa-bef9-9683761ace9b",
                "9bf45fc7-bbe9-44d7-9664-f72992605969",
                "77b96f07-ff92-41fc-92f1-64a940cd8f64"
              ],
              "failures": [],
              "pending": [],
              "skipped": [],
              "duration": 586,
              "root": false,
              "rootEmpty": false,
              "_timeout": 2000
            },
            {
              "uuid": "15280395-5ea9-42ed-a4d9-59df5429ee8b",
              "title": "Adicione o terceiro subcontainer com a classe form-control com o botão \"Entrar\" dentro do formulário criado na etapa 3",
              "fullFile": "",
              "file": "",
              "beforeHooks": [],
              "afterHooks": [],
              "tests": [
                {
                  "title": "Deve haver um novo container utilizando a classe `form-control` criada no passo anterior`",
                  "fullTitle": "Facebook Signup Adicione o terceiro subcontainer com a classe form-control com o botão \"Entrar\" dentro do formulário criado na etapa 3 Deve haver um novo container utilizando a classe `form-control` criada no passo anterior`",
                  "timedOut": null,
                  "duration": 213,
                  "state": "passed",
                  "speed": "slow",
                  "pass": true,
                  "fail": false,
                  "pending": false,
                  "context": null,
                  "code": "cy.get(\"form.facebook-login > .form-control\").eq(0).should('exist');",
                  "err": {},
                  "uuid": "9cd0ad63-fe4a-45d2-937e-df5301052895",
                  "parentUUID": "15280395-5ea9-42ed-a4d9-59df5429ee8b",
                  "isHook": false,
                  "skipped": false
                },
                {
                  "title": "Crie uma classe no CSS form-control com a propriedade `align-self: flex-end`",
                  "fullTitle": "Facebook Signup Adicione o terceiro subcontainer com a classe form-control com o botão \"Entrar\" dentro do formulário criado na etapa 3 Crie uma classe no CSS form-control com a propriedade `align-self: flex-end`",
                  "timedOut": null,
                  "duration": 934,
                  "state": "passed",
                  "speed": "slow",
                  "pass": true,
                  "fail": false,
                  "pending": false,
                  "context": null,
                  "code": "cy.get('.form-control').should('have.css', 'align-self', 'flex-end');",
                  "err": {},
                  "uuid": "43e0bb3f-822c-4f08-8162-aef7328f830e",
                  "parentUUID": "15280395-5ea9-42ed-a4d9-59df5429ee8b",
                  "isHook": false,
                  "skipped": false
                },
                {
                  "title": "Dentro do novo container `form-control` criado, deve haver um botão com o id \"button-login\" e o texto \"Entrar\"",
                  "fullTitle": "Facebook Signup Adicione o terceiro subcontainer com a classe form-control com o botão \"Entrar\" dentro do formulário criado na etapa 3 Dentro do novo container `form-control` criado, deve haver um botão com o id \"button-login\" e o texto \"Entrar\"",
                  "timedOut": null,
                  "duration": 580,
                  "state": "passed",
                  "speed": "slow",
                  "pass": true,
                  "fail": false,
                  "pending": false,
                  "context": null,
                  "code": "cy.get(\"form.facebook-login .form-control #button-login\").should('exist').should('have.text', 'Entrar');",
                  "err": {},
                  "uuid": "9f965d3b-89a7-47b1-ba77-a88d7629eb18",
                  "parentUUID": "15280395-5ea9-42ed-a4d9-59df5429ee8b",
                  "isHook": false,
                  "skipped": false
                },
                {
                  "title": "O botão deve estar alinhado a direita do campo de entrada para senha",
                  "fullTitle": "Facebook Signup Adicione o terceiro subcontainer com a classe form-control com o botão \"Entrar\" dentro do formulário criado na etapa 3 O botão deve estar alinhado a direita do campo de entrada para senha",
                  "timedOut": null,
                  "duration": 303,
                  "state": "passed",
                  "speed": "slow",
                  "pass": true,
                  "fail": false,
                  "pending": false,
                  "context": null,
                  "code": "checkIsRightOf(USER_PASSWORD_INPUT_SELECTOR, USER_LOGIN_BUTTON_SELECTOR);",
                  "err": {},
                  "uuid": "ca769fa3-459b-43d0-9996-0517f53ab902",
                  "parentUUID": "15280395-5ea9-42ed-a4d9-59df5429ee8b",
                  "isHook": false,
                  "skipped": false
                },
                {
                  "title": "Ao clicar no botão com o id #button-login deve exibir um alert com o valor do campo \"Email ou telefone\"",
                  "fullTitle": "Facebook Signup Adicione o terceiro subcontainer com a classe form-control com o botão \"Entrar\" dentro do formulário criado na etapa 3 Ao clicar no botão com o id #button-login deve exibir um alert com o valor do campo \"Email ou telefone\"",
                  "timedOut": null,
                  "duration": 1560,
                  "state": "passed",
                  "speed": "slow",
                  "pass": true,
                  "fail": false,
                  "pending": false,
                  "context": null,
                  "code": "var content = 'my-user';\nvar alerted = false;\ncy.on('window:alert', function (text) {\n  expect(text).to.equal(content);\n  alerted = true;\n});\ncy.get(USER_IDENTIFIER_INPUT_SELECTOR).type(content);\ncy.get(USER_LOGIN_BUTTON_SELECTOR).should('exist').should('have.text', 'Entrar').click().then(function () {\n  expect(alerted).to.eq(true);\n});",
                  "err": {},
                  "uuid": "5894fb5f-db16-4950-af3d-fac00367f9f5",
                  "parentUUID": "15280395-5ea9-42ed-a4d9-59df5429ee8b",
                  "isHook": false,
                  "skipped": false
                }
              ],
              "suites": [],
              "passes": [
                "9cd0ad63-fe4a-45d2-937e-df5301052895",
                "43e0bb3f-822c-4f08-8162-aef7328f830e",
                "9f965d3b-89a7-47b1-ba77-a88d7629eb18",
                "ca769fa3-459b-43d0-9996-0517f53ab902",
                "5894fb5f-db16-4950-af3d-fac00367f9f5"
              ],
              "failures": [],
              "pending": [],
              "skipped": [],
              "duration": 3590,
              "root": false,
              "rootEmpty": false,
              "_timeout": 2000
            },
            {
              "uuid": "82d2493e-16a3-4074-8af2-3aed74ae1bde",
              "title": "Crie um container com a classe main-content abaixo da barra azul para agrupar o conteúdo principal da página",
              "fullFile": "",
              "file": "",
              "beforeHooks": [],
              "afterHooks": [],
              "tests": [
                {
                  "title": "Crie um elemento com a classe main-content",
                  "fullTitle": "Facebook Signup Crie um container com a classe main-content abaixo da barra azul para agrupar o conteúdo principal da página Crie um elemento com a classe main-content",
                  "timedOut": null,
                  "duration": 251,
                  "state": "passed",
                  "speed": "slow",
                  "pass": true,
                  "fail": false,
                  "pending": false,
                  "context": null,
                  "code": "cy.get('.main-content').should('exist');",
                  "err": {},
                  "uuid": "b97a9f9b-bf2f-4ccc-bf13-626b1fbf5075",
                  "parentUUID": "82d2493e-16a3-4074-8af2-3aed74ae1bde",
                  "isHook": false,
                  "skipped": false
                },
                {
                  "title": "O elemento deve ser um flex container no eixo horizontal",
                  "fullTitle": "Facebook Signup Crie um container com a classe main-content abaixo da barra azul para agrupar o conteúdo principal da página O elemento deve ser um flex container no eixo horizontal",
                  "timedOut": null,
                  "duration": 169,
                  "state": "passed",
                  "speed": "slow",
                  "pass": true,
                  "fail": false,
                  "pending": false,
                  "context": null,
                  "code": "cy.get('.main-content').should('have.css', 'display', 'flex').should('have.css', 'flex-direction', 'row');",
                  "err": {},
                  "uuid": "af0fd6a5-f7ca-4f2d-90c3-19a2de27bd99",
                  "parentUUID": "82d2493e-16a3-4074-8af2-3aed74ae1bde",
                  "isHook": false,
                  "skipped": false
                },
                {
                  "title": "O elemento deve posicionado abaixo da barra azul",
                  "fullTitle": "Facebook Signup Crie um container com a classe main-content abaixo da barra azul para agrupar o conteúdo principal da página O elemento deve posicionado abaixo da barra azul",
                  "timedOut": null,
                  "duration": 582,
                  "state": "passed",
                  "speed": "slow",
                  "pass": true,
                  "fail": false,
                  "pending": false,
                  "context": null,
                  "code": "checkIsBelowOf('.top-bar', '.main-content');",
                  "err": {},
                  "uuid": "194e7398-75b5-406e-82b9-a4129ff39548",
                  "parentUUID": "82d2493e-16a3-4074-8af2-3aed74ae1bde",
                  "isHook": false,
                  "skipped": false
                }
              ],
              "suites": [],
              "passes": [
                "b97a9f9b-bf2f-4ccc-bf13-626b1fbf5075",
                "af0fd6a5-f7ca-4f2d-90c3-19a2de27bd99",
                "194e7398-75b5-406e-82b9-a4129ff39548"
              ],
              "failures": [],
              "pending": [],
              "skipped": [],
              "duration": 1002,
              "root": false,
              "rootEmpty": false,
              "_timeout": 2000
            },
            {
              "uuid": "d451ca0d-5a93-460e-85a0-5924f307f52b",
              "title": "Crie um subcontainer com a classe left-content para colocar o conteúdo do lado esquerdo dentro do container com a classe main-content",
              "fullFile": "",
              "file": "",
              "beforeHooks": [],
              "afterHooks": [],
              "tests": [
                {
                  "title": "O subcontainer deve ter a classe left-content",
                  "fullTitle": "Facebook Signup Crie um subcontainer com a classe left-content para colocar o conteúdo do lado esquerdo dentro do container com a classe main-content O subcontainer deve ter a classe left-content",
                  "timedOut": null,
                  "duration": 262,
                  "state": "passed",
                  "speed": "slow",
                  "pass": true,
                  "fail": false,
                  "pending": false,
                  "context": null,
                  "code": "cy.get('.main-content > .left-content').should('exist');",
                  "err": {},
                  "uuid": "b5f1eda3-2c09-465f-8674-42894bf37828",
                  "parentUUID": "d451ca0d-5a93-460e-85a0-5924f307f52b",
                  "isHook": false,
                  "skipped": false
                },
                {
                  "title": "A classe left-content deve ter uma largura de 800px",
                  "fullTitle": "Facebook Signup Crie um subcontainer com a classe left-content para colocar o conteúdo do lado esquerdo dentro do container com a classe main-content A classe left-content deve ter uma largura de 800px",
                  "timedOut": null,
                  "duration": 323,
                  "state": "passed",
                  "speed": "slow",
                  "pass": true,
                  "fail": false,
                  "pending": false,
                  "context": null,
                  "code": "cy.get('.main-content > .left-content').should('have.css', 'width', '800px');",
                  "err": {},
                  "uuid": "144fa135-4ede-4ae1-b272-39d799cf32d1",
                  "parentUUID": "d451ca0d-5a93-460e-85a0-5924f307f52b",
                  "isHook": false,
                  "skipped": false
                },
                {
                  "title": "Dentro do container com a classe left-content deve existir um parágrafo com id facebook-slogan e o texto \"O Facebook ajuda você a se conectar e compartilhar com as pessoas que fazem parte da sua vida.\"",
                  "fullTitle": "Facebook Signup Crie um subcontainer com a classe left-content para colocar o conteúdo do lado esquerdo dentro do container com a classe main-content Dentro do container com a classe left-content deve existir um parágrafo com id facebook-slogan e o texto \"O Facebook ajuda você a se conectar e compartilhar com as pessoas que fazem parte da sua vida.\"",
                  "timedOut": null,
                  "duration": 1545,
                  "state": "passed",
                  "speed": "slow",
                  "pass": true,
                  "fail": false,
                  "pending": false,
                  "context": null,
                  "code": "cy.get('.main-content > .left-content #facebook-slogan').should('exist').contains(FACEBOOK_SLOGAN);",
                  "err": {},
                  "uuid": "0daa9b12-8aab-473e-81c8-42486a2bd921",
                  "parentUUID": "d451ca0d-5a93-460e-85a0-5924f307f52b",
                  "isHook": false,
                  "skipped": false
                },
                {
                  "title": "Dentro do container com a classe left-content deve existir abaixo do parágrafo com id facebook-slogan uma imagem com id facebook-networking e o src com o endereço `imgs/networking.png`.",
                  "fullTitle": "Facebook Signup Crie um subcontainer com a classe left-content para colocar o conteúdo do lado esquerdo dentro do container com a classe main-content Dentro do container com a classe left-content deve existir abaixo do parágrafo com id facebook-slogan uma imagem com id facebook-networking e o src com o endereço `imgs/networking.png`.",
                  "timedOut": null,
                  "duration": 441,
                  "state": "passed",
                  "speed": "slow",
                  "pass": true,
                  "fail": false,
                  "pending": false,
                  "context": null,
                  "code": "cy.get('.main-content > .left-content img#facebook-networking').should('exist').should('have.attr', 'src', 'imgs/networking.png');\ncheckIsBelowOf(FACEBOOK_SLOGAN_SELECTOR, FACEBOOK_NETWORKING_IMG_SELECTOR);",
                  "err": {},
                  "uuid": "6e793882-7d27-48ad-a413-70e0806e4b9a",
                  "parentUUID": "d451ca0d-5a93-460e-85a0-5924f307f52b",
                  "isHook": false,
                  "skipped": false
                }
              ],
              "suites": [],
              "passes": [
                "b5f1eda3-2c09-465f-8674-42894bf37828",
                "144fa135-4ede-4ae1-b272-39d799cf32d1",
                "0daa9b12-8aab-473e-81c8-42486a2bd921",
                "6e793882-7d27-48ad-a413-70e0806e4b9a"
              ],
              "failures": [],
              "pending": [],
              "skipped": [],
              "duration": 2571,
              "root": false,
              "rootEmpty": false,
              "_timeout": 2000
            },
            {
              "uuid": "31f579e4-f836-4c30-88d6-3e222bedf53f",
              "title": "Crie um subcontainer com a classe right-content para colocar o conteúdo do lado direito dentro do container com a classe main-content",
              "fullFile": "",
              "file": "",
              "beforeHooks": [],
              "afterHooks": [],
              "tests": [
                {
                  "title": "O novo subcontainer deve ter a classe right-content",
                  "fullTitle": "Facebook Signup Crie um subcontainer com a classe right-content para colocar o conteúdo do lado direito dentro do container com a classe main-content O novo subcontainer deve ter a classe right-content",
                  "timedOut": null,
                  "duration": 328,
                  "state": "passed",
                  "speed": "slow",
                  "pass": true,
                  "fail": false,
                  "pending": false,
                  "context": null,
                  "code": "cy.get('.main-content > .right-content').should('exist');",
                  "err": {},
                  "uuid": "138fc789-5d64-4c9e-9c3f-893da6a7560d",
                  "parentUUID": "31f579e4-f836-4c30-88d6-3e222bedf53f",
                  "isHook": false,
                  "skipped": false
                },
                {
                  "title": "A classe right-content deve ter uma largura de 300px",
                  "fullTitle": "Facebook Signup Crie um subcontainer com a classe right-content para colocar o conteúdo do lado direito dentro do container com a classe main-content A classe right-content deve ter uma largura de 300px",
                  "timedOut": null,
                  "duration": 207,
                  "state": "passed",
                  "speed": "slow",
                  "pass": true,
                  "fail": false,
                  "pending": false,
                  "context": null,
                  "code": "cy.get('.main-content > .right-content').should('have.css', 'width', '300px');",
                  "err": {},
                  "uuid": "2ec7a65d-7bc0-4d8e-b000-3671d46ae07d",
                  "parentUUID": "31f579e4-f836-4c30-88d6-3e222bedf53f",
                  "isHook": false,
                  "skipped": false
                },
                {
                  "title": "Utilize na classe main-content a propriedade justify-content com o valor mais apropriado para alinhar os conteúdos",
                  "fullTitle": "Facebook Signup Crie um subcontainer com a classe right-content para colocar o conteúdo do lado direito dentro do container com a classe main-content Utilize na classe main-content a propriedade justify-content com o valor mais apropriado para alinhar os conteúdos",
                  "timedOut": null,
                  "duration": 1554,
                  "state": "passed",
                  "speed": "slow",
                  "pass": true,
                  "fail": false,
                  "pending": false,
                  "context": null,
                  "code": "cy.get('.main-content').should('have.css', 'justify-content');",
                  "err": {},
                  "uuid": "08d6f117-04b8-44ce-b273-084d83a637bd",
                  "parentUUID": "31f579e4-f836-4c30-88d6-3e222bedf53f",
                  "isHook": false,
                  "skipped": false
                },
                {
                  "title": "Dentro do subcontainer com a classe right-content deve existir um elemento h1 com o texto \"Abra uma conta\"",
                  "fullTitle": "Facebook Signup Crie um subcontainer com a classe right-content para colocar o conteúdo do lado direito dentro do container com a classe main-content Dentro do subcontainer com a classe right-content deve existir um elemento h1 com o texto \"Abra uma conta\"",
                  "timedOut": null,
                  "duration": 225,
                  "state": "passed",
                  "speed": "slow",
                  "pass": true,
                  "fail": false,
                  "pending": false,
                  "context": null,
                  "code": "cy.get('.main-content > .right-content h1').contains(OPEN_ACCOUNT_MESSAGE);",
                  "err": {},
                  "uuid": "565fce3e-1e3c-4a6b-9c05-6600842c4ff0",
                  "parentUUID": "31f579e4-f836-4c30-88d6-3e222bedf53f",
                  "isHook": false,
                  "skipped": false
                },
                {
                  "title": "Dentro do subcontainer com a classe right-content deve existir um elemento com a classe quick-easy com o texto \"É rápido e fácil.\" posicionado abaixo do texto \"Abra uma conta\"",
                  "fullTitle": "Facebook Signup Crie um subcontainer com a classe right-content para colocar o conteúdo do lado direito dentro do container com a classe main-content Dentro do subcontainer com a classe right-content deve existir um elemento com a classe quick-easy com o texto \"É rápido e fácil.\" posicionado abaixo do texto \"Abra uma conta\"",
                  "timedOut": null,
                  "duration": 1075,
                  "state": "passed",
                  "speed": "slow",
                  "pass": true,
                  "fail": false,
                  "pending": false,
                  "context": null,
                  "code": "cy.get('.main-content > .right-content .quick-easy').should('exist').contains(QUICK_AND_SIMPLE_MESSAGE);\ncheckIsBelowOf('.main-content > .right-content h1', '.main-content > .right-content .quick-easy');",
                  "err": {},
                  "uuid": "5a3c6a07-17d2-4f22-a568-032e58ae2461",
                  "parentUUID": "31f579e4-f836-4c30-88d6-3e222bedf53f",
                  "isHook": false,
                  "skipped": false
                },
                {
                  "title": "Dentro do subcontainer com a classe right-content deve existir um elemento form abaixo do texto \"É rápido e fácil.\"",
                  "fullTitle": "Facebook Signup Crie um subcontainer com a classe right-content para colocar o conteúdo do lado direito dentro do container com a classe main-content Dentro do subcontainer com a classe right-content deve existir um elemento form abaixo do texto \"É rápido e fácil.\"",
                  "timedOut": null,
                  "duration": 687,
                  "state": "passed",
                  "speed": "slow",
                  "pass": true,
                  "fail": false,
                  "pending": false,
                  "context": null,
                  "code": "cy.get('.main-content > .right-content form').should('exist');\ncheckIsBelowOf('.main-content > .right-content .quick-easy', '.main-content > .right-content form');",
                  "err": {},
                  "uuid": "78c9bd59-44bb-403d-ac81-58eed4b0a08b",
                  "parentUUID": "31f579e4-f836-4c30-88d6-3e222bedf53f",
                  "isHook": false,
                  "skipped": false
                },
                {
                  "title": "O elemento com a classe right-content deve estar a direita do elemento com a classe left-content",
                  "fullTitle": "Facebook Signup Crie um subcontainer com a classe right-content para colocar o conteúdo do lado direito dentro do container com a classe main-content O elemento com a classe right-content deve estar a direita do elemento com a classe left-content",
                  "timedOut": null,
                  "duration": 598,
                  "state": "passed",
                  "speed": "slow",
                  "pass": true,
                  "fail": false,
                  "pending": false,
                  "context": null,
                  "code": "checkIsRightOf('.main-content > .left-content', '.main-content > .right-content');",
                  "err": {},
                  "uuid": "317b859e-f384-45d5-aff5-3ab70ecb0ed6",
                  "parentUUID": "31f579e4-f836-4c30-88d6-3e222bedf53f",
                  "isHook": false,
                  "skipped": false
                }
              ],
              "suites": [],
              "passes": [
                "138fc789-5d64-4c9e-9c3f-893da6a7560d",
                "2ec7a65d-7bc0-4d8e-b000-3671d46ae07d",
                "08d6f117-04b8-44ce-b273-084d83a637bd",
                "565fce3e-1e3c-4a6b-9c05-6600842c4ff0",
                "5a3c6a07-17d2-4f22-a568-032e58ae2461",
                "78c9bd59-44bb-403d-ac81-58eed4b0a08b",
                "317b859e-f384-45d5-aff5-3ab70ecb0ed6"
              ],
              "failures": [],
              "pending": [],
              "skipped": [],
              "duration": 4674,
              "root": false,
              "rootEmpty": false,
              "_timeout": 2000
            },
            {
              "uuid": "99dde805-b079-4722-a4a1-92adb9f2af24",
              "title": "Crie um campo de entrada de texto para o nome do usuário dentro do formulário criado no requisito 10",
              "fullFile": "",
              "file": "",
              "beforeHooks": [],
              "afterHooks": [],
              "tests": [
                {
                  "title": "O campo deve ter o atributo name com o valor \"firstname\"",
                  "fullTitle": "Facebook Signup Crie um campo de entrada de texto para o nome do usuário dentro do formulário criado no requisito 10 O campo deve ter o atributo name com o valor \"firstname\"",
                  "timedOut": null,
                  "duration": 242,
                  "state": "passed",
                  "speed": "slow",
                  "pass": true,
                  "fail": false,
                  "pending": false,
                  "context": null,
                  "code": "cy.get('.main-content form input[name=\"firstname\"]').should('exist');",
                  "err": {},
                  "uuid": "2945616c-e94d-4aab-b5f2-8e0e4772e4f9",
                  "parentUUID": "99dde805-b079-4722-a4a1-92adb9f2af24",
                  "isHook": false,
                  "skipped": false
                },
                {
                  "title": "O campo deve ter um placeholder com o valor \"Nome\"",
                  "fullTitle": "Facebook Signup Crie um campo de entrada de texto para o nome do usuário dentro do formulário criado no requisito 10 O campo deve ter um placeholder com o valor \"Nome\"",
                  "timedOut": null,
                  "duration": 888,
                  "state": "passed",
                  "speed": "slow",
                  "pass": true,
                  "fail": false,
                  "pending": false,
                  "context": null,
                  "code": "cy.get('.main-content form input[name=\"firstname\"]').should('have.attr', 'placeholder', 'Nome');",
                  "err": {},
                  "uuid": "d807fc62-238c-4567-aba6-b90e54a861e5",
                  "parentUUID": "99dde805-b079-4722-a4a1-92adb9f2af24",
                  "isHook": false,
                  "skipped": false
                }
              ],
              "suites": [],
              "passes": [
                "2945616c-e94d-4aab-b5f2-8e0e4772e4f9",
                "d807fc62-238c-4567-aba6-b90e54a861e5"
              ],
              "failures": [],
              "pending": [],
              "skipped": [],
              "duration": 1130,
              "root": false,
              "rootEmpty": false,
              "_timeout": 2000
            },
            {
              "uuid": "d676da6c-ac82-4815-8963-dbf47fb663b8",
              "title": "Crie um campo de entrada de texto para o sobrenome do usuário dentro do formulário criado no requisito 10",
              "fullFile": "",
              "file": "",
              "beforeHooks": [],
              "afterHooks": [],
              "tests": [
                {
                  "title": "O campo deve ter o atributo name com o valor \"lastname\"",
                  "fullTitle": "Facebook Signup Crie um campo de entrada de texto para o sobrenome do usuário dentro do formulário criado no requisito 10 O campo deve ter o atributo name com o valor \"lastname\"",
                  "timedOut": null,
                  "duration": 642,
                  "state": "passed",
                  "speed": "slow",
                  "pass": true,
                  "fail": false,
                  "pending": false,
                  "context": null,
                  "code": "cy.get('.main-content form input[name=\"lastname\"]').should('exist');",
                  "err": {},
                  "uuid": "d8b74b5e-aba7-4a73-8d61-3a72472d4ab9",
                  "parentUUID": "d676da6c-ac82-4815-8963-dbf47fb663b8",
                  "isHook": false,
                  "skipped": false
                },
                {
                  "title": "O campo deve ter um placeholder com o valor \"Sobrenome\"",
                  "fullTitle": "Facebook Signup Crie um campo de entrada de texto para o sobrenome do usuário dentro do formulário criado no requisito 10 O campo deve ter um placeholder com o valor \"Sobrenome\"",
                  "timedOut": null,
                  "duration": 198,
                  "state": "passed",
                  "speed": "slow",
                  "pass": true,
                  "fail": false,
                  "pending": false,
                  "context": null,
                  "code": "cy.get('.main-content form input[name=\"lastname\"]').should('have.attr', 'placeholder', 'Sobrenome');",
                  "err": {},
                  "uuid": "a5946f77-e353-4a4d-b2a9-f57323903c13",
                  "parentUUID": "d676da6c-ac82-4815-8963-dbf47fb663b8",
                  "isHook": false,
                  "skipped": false
                },
                {
                  "title": "Esse campo deve estar alinhado a direita do campo de Nome",
                  "fullTitle": "Facebook Signup Crie um campo de entrada de texto para o sobrenome do usuário dentro do formulário criado no requisito 10 Esse campo deve estar alinhado a direita do campo de Nome",
                  "timedOut": null,
                  "duration": 724,
                  "state": "passed",
                  "speed": "slow",
                  "pass": true,
                  "fail": false,
                  "pending": false,
                  "context": null,
                  "code": "checkIsRightOf('.main-content form input[name=\"firstname\"]', '.main-content form input[name=\"lastname\"]');",
                  "err": {},
                  "uuid": "1833dc52-d106-44f5-b270-1632fc796aa8",
                  "parentUUID": "d676da6c-ac82-4815-8963-dbf47fb663b8",
                  "isHook": false,
                  "skipped": false
                }
              ],
              "suites": [],
              "passes": [
                "d8b74b5e-aba7-4a73-8d61-3a72472d4ab9",
                "a5946f77-e353-4a4d-b2a9-f57323903c13",
                "1833dc52-d106-44f5-b270-1632fc796aa8"
              ],
              "failures": [],
              "pending": [],
              "skipped": [],
              "duration": 1564,
              "root": false,
              "rootEmpty": false,
              "_timeout": 2000
            },
            {
              "uuid": "6c88f642-c70e-4b56-842b-3d068857ba80",
              "title": "Crie um campo de entrada de texto para o celular ou email do usuário dentro do formulário criado no requisito 10",
              "fullFile": "",
              "file": "",
              "beforeHooks": [],
              "afterHooks": [],
              "tests": [
                {
                  "title": "O campo deve ter o atributo name com o valor \"phone_email\"",
                  "fullTitle": "Facebook Signup Crie um campo de entrada de texto para o celular ou email do usuário dentro do formulário criado no requisito 10 O campo deve ter o atributo name com o valor \"phone_email\"",
                  "timedOut": null,
                  "duration": 1336,
                  "state": "passed",
                  "speed": "slow",
                  "pass": true,
                  "fail": false,
                  "pending": false,
                  "context": null,
                  "code": "cy.get('.main-content form input[name=\"phone_email\"]').should('exist');",
                  "err": {},
                  "uuid": "9bf361d1-2f10-418e-8006-ef5529cf76ec",
                  "parentUUID": "6c88f642-c70e-4b56-842b-3d068857ba80",
                  "isHook": false,
                  "skipped": false
                },
                {
                  "title": "O campo deve ter um placeholder com o valor \"Celular ou email\"",
                  "fullTitle": "Facebook Signup Crie um campo de entrada de texto para o celular ou email do usuário dentro do formulário criado no requisito 10 O campo deve ter um placeholder com o valor \"Celular ou email\"",
                  "timedOut": null,
                  "duration": 462,
                  "state": "passed",
                  "speed": "slow",
                  "pass": true,
                  "fail": false,
                  "pending": false,
                  "context": null,
                  "code": "cy.get('.main-content form input[name=\"phone_email\"]').should('have.attr', 'placeholder', 'Celular ou email');",
                  "err": {},
                  "uuid": "a5cf649f-ecd0-43e6-88a6-55fde70c3893",
                  "parentUUID": "6c88f642-c70e-4b56-842b-3d068857ba80",
                  "isHook": false,
                  "skipped": false
                },
                {
                  "title": "Posicione esse campo abaixo do campo do nome do usuário",
                  "fullTitle": "Facebook Signup Crie um campo de entrada de texto para o celular ou email do usuário dentro do formulário criado no requisito 10 Posicione esse campo abaixo do campo do nome do usuário",
                  "timedOut": null,
                  "duration": 316,
                  "state": "passed",
                  "speed": "slow",
                  "pass": true,
                  "fail": false,
                  "pending": false,
                  "context": null,
                  "code": "checkIsBelowOf('.main-content form input[name=\"firstname\"]', '.main-content form input[name=\"phone_email\"]');",
                  "err": {},
                  "uuid": "a6b52429-1c79-4667-9af8-0edf4befb944",
                  "parentUUID": "6c88f642-c70e-4b56-842b-3d068857ba80",
                  "isHook": false,
                  "skipped": false
                }
              ],
              "suites": [],
              "passes": [
                "9bf361d1-2f10-418e-8006-ef5529cf76ec",
                "a5cf649f-ecd0-43e6-88a6-55fde70c3893",
                "a6b52429-1c79-4667-9af8-0edf4befb944"
              ],
              "failures": [],
              "pending": [],
              "skipped": [],
              "duration": 2114,
              "root": false,
              "rootEmpty": false,
              "_timeout": 2000
            },
            {
              "uuid": "6d169c65-e1b1-44ea-8286-3afca866986c",
              "title": "Crie um campo de entrada para senha do usuário dentro do formulário criado no requisito 10",
              "fullFile": "",
              "file": "",
              "beforeHooks": [],
              "afterHooks": [],
              "tests": [
                {
                  "title": "O campo deve ter o atributo name com o valor \"password\"",
                  "fullTitle": "Facebook Signup Crie um campo de entrada para senha do usuário dentro do formulário criado no requisito 10 O campo deve ter o atributo name com o valor \"password\"",
                  "timedOut": null,
                  "duration": 319,
                  "state": "passed",
                  "speed": "slow",
                  "pass": true,
                  "fail": false,
                  "pending": false,
                  "context": null,
                  "code": "cy.get('.main-content form input[name=\"password\"]').should('exist');",
                  "err": {},
                  "uuid": "e99a77b3-8e17-4de3-87ef-8c531b5834dc",
                  "parentUUID": "6d169c65-e1b1-44ea-8286-3afca866986c",
                  "isHook": false,
                  "skipped": false
                },
                {
                  "title": "O campo deve ser do tipo \"password\"",
                  "fullTitle": "Facebook Signup Crie um campo de entrada para senha do usuário dentro do formulário criado no requisito 10 O campo deve ser do tipo \"password\"",
                  "timedOut": null,
                  "duration": 1328,
                  "state": "passed",
                  "speed": "slow",
                  "pass": true,
                  "fail": false,
                  "pending": false,
                  "context": null,
                  "code": "cy.get('.main-content form input[name=\"password\"]').should('have.attr', 'type', 'password');",
                  "err": {},
                  "uuid": "c460c515-fd94-4411-9ebe-12aeba12d846",
                  "parentUUID": "6d169c65-e1b1-44ea-8286-3afca866986c",
                  "isHook": false,
                  "skipped": false
                },
                {
                  "title": "O campo deve ter um placeholder com o valor \"Nova senha\"",
                  "fullTitle": "Facebook Signup Crie um campo de entrada para senha do usuário dentro do formulário criado no requisito 10 O campo deve ter um placeholder com o valor \"Nova senha\"",
                  "timedOut": null,
                  "duration": 483,
                  "state": "passed",
                  "speed": "slow",
                  "pass": true,
                  "fail": false,
                  "pending": false,
                  "context": null,
                  "code": "cy.get('.main-content form input[name=\"password\"]').should('have.attr', 'placeholder', 'Nova senha');",
                  "err": {},
                  "uuid": "dd55b5f1-474b-492b-b948-8bf2a05c2e36",
                  "parentUUID": "6d169c65-e1b1-44ea-8286-3afca866986c",
                  "isHook": false,
                  "skipped": false
                },
                {
                  "title": "Posicione esse campo abaixo do celular/email",
                  "fullTitle": "Facebook Signup Crie um campo de entrada para senha do usuário dentro do formulário criado no requisito 10 Posicione esse campo abaixo do celular/email",
                  "timedOut": null,
                  "duration": 1061,
                  "state": "passed",
                  "speed": "slow",
                  "pass": true,
                  "fail": false,
                  "pending": false,
                  "context": null,
                  "code": "checkIsBelowOf('.main-content form input[name=\"phone_email\"]', '.main-content form input[name=\"password\"]');",
                  "err": {},
                  "uuid": "0852025c-5047-41a8-9982-58f10daa93dc",
                  "parentUUID": "6d169c65-e1b1-44ea-8286-3afca866986c",
                  "isHook": false,
                  "skipped": false
                }
              ],
              "suites": [],
              "passes": [
                "e99a77b3-8e17-4de3-87ef-8c531b5834dc",
                "c460c515-fd94-4411-9ebe-12aeba12d846",
                "dd55b5f1-474b-492b-b948-8bf2a05c2e36",
                "0852025c-5047-41a8-9982-58f10daa93dc"
              ],
              "failures": [],
              "pending": [],
              "skipped": [],
              "duration": 3191,
              "root": false,
              "rootEmpty": false,
              "_timeout": 2000
            },
            {
              "uuid": "c012a678-c044-43fa-9352-a33efd8a57c5",
              "title": "Crie um campo de entrada para data de nascimento do usuário dentro do formulário criado no requisito 10",
              "fullFile": "",
              "file": "",
              "beforeHooks": [],
              "afterHooks": [],
              "tests": [
                {
                  "title": "Um rótulo abaixo do campo nova senha com o id label-birthdate e o texto \"Data de nascimento\" ",
                  "fullTitle": "Facebook Signup Crie um campo de entrada para data de nascimento do usuário dentro do formulário criado no requisito 10 Um rótulo abaixo do campo nova senha com o id label-birthdate e o texto \"Data de nascimento\" ",
                  "timedOut": null,
                  "duration": 333,
                  "state": "passed",
                  "speed": "slow",
                  "pass": true,
                  "fail": false,
                  "pending": false,
                  "context": null,
                  "code": "cy.get('.main-content form label#label-birthdate').contains(BIRTHDATE_TITLE);",
                  "err": {},
                  "uuid": "959ab558-dce6-4e4e-b477-14ca7f8d9cc9",
                  "parentUUID": "c012a678-c044-43fa-9352-a33efd8a57c5",
                  "isHook": false,
                  "skipped": false
                },
                {
                  "title": "O campo deve ter o atributo name com o valor \"birthdate\"",
                  "fullTitle": "Facebook Signup Crie um campo de entrada para data de nascimento do usuário dentro do formulário criado no requisito 10 O campo deve ter o atributo name com o valor \"birthdate\"",
                  "timedOut": null,
                  "duration": 214,
                  "state": "passed",
                  "speed": "slow",
                  "pass": true,
                  "fail": false,
                  "pending": false,
                  "context": null,
                  "code": "cy.get('.main-content form input[name=\"birthdate\"]').should('exist');",
                  "err": {},
                  "uuid": "213e26ce-3013-4911-a04d-ead13b0d346d",
                  "parentUUID": "c012a678-c044-43fa-9352-a33efd8a57c5",
                  "isHook": false,
                  "skipped": false
                },
                {
                  "title": "O campo deve ter um placeholder com o valor \"dd/mm/aaaa\"",
                  "fullTitle": "Facebook Signup Crie um campo de entrada para data de nascimento do usuário dentro do formulário criado no requisito 10 O campo deve ter um placeholder com o valor \"dd/mm/aaaa\"",
                  "timedOut": null,
                  "duration": 233,
                  "state": "passed",
                  "speed": "slow",
                  "pass": true,
                  "fail": false,
                  "pending": false,
                  "context": null,
                  "code": "cy.get('.main-content form input[name=\"birthdate\"]').should('have.attr', 'placeholder', 'dd/mm/aaaa');",
                  "err": {},
                  "uuid": "575db6fe-602e-4e57-988d-a73fda06a0e0",
                  "parentUUID": "c012a678-c044-43fa-9352-a33efd8a57c5",
                  "isHook": false,
                  "skipped": false
                },
                {
                  "title": "Posicione esse campo abaixo do rótulo",
                  "fullTitle": "Facebook Signup Crie um campo de entrada para data de nascimento do usuário dentro do formulário criado no requisito 10 Posicione esse campo abaixo do rótulo",
                  "timedOut": null,
                  "duration": 673,
                  "state": "passed",
                  "speed": "slow",
                  "pass": true,
                  "fail": false,
                  "pending": false,
                  "context": null,
                  "code": "checkIsBelowOf('.main-content form label#label-birthdate', '.main-content form input[name=\"birthdate\"]');",
                  "err": {},
                  "uuid": "c7a3b8cc-9abc-4d3c-8857-058425e2aea6",
                  "parentUUID": "c012a678-c044-43fa-9352-a33efd8a57c5",
                  "isHook": false,
                  "skipped": false
                }
              ],
              "suites": [],
              "passes": [
                "959ab558-dce6-4e4e-b477-14ca7f8d9cc9",
                "213e26ce-3013-4911-a04d-ead13b0d346d",
                "575db6fe-602e-4e57-988d-a73fda06a0e0",
                "c7a3b8cc-9abc-4d3c-8857-058425e2aea6"
              ],
              "failures": [],
              "pending": [],
              "skipped": [],
              "duration": 1453,
              "root": false,
              "rootEmpty": false,
              "_timeout": 2000
            },
            {
              "uuid": "e4c5c5d8-32ac-4241-950e-024b40e0f43b",
              "title": "Crie um campo de entrada para gênero do usuário dentro do formulário criado no requisito 10",
              "fullFile": "",
              "file": "",
              "beforeHooks": [],
              "afterHooks": [],
              "tests": [
                {
                  "title": "Um rótulo abaixo do campo nova senha com o id label-gender e o texto \"Gênero\" ",
                  "fullTitle": "Facebook Signup Crie um campo de entrada para gênero do usuário dentro do formulário criado no requisito 10 Um rótulo abaixo do campo nova senha com o id label-gender e o texto \"Gênero\" ",
                  "timedOut": null,
                  "duration": 242,
                  "state": "passed",
                  "speed": "slow",
                  "pass": true,
                  "fail": false,
                  "pending": false,
                  "context": null,
                  "code": "cy.get('.main-content form label#label-gender').contains(GENDER_TITLE);",
                  "err": {},
                  "uuid": "7b34c08d-c081-41f7-bdd6-d7b1e40caf56",
                  "parentUUID": "e4c5c5d8-32ac-4241-950e-024b40e0f43b",
                  "isHook": false,
                  "skipped": false
                },
                {
                  "title": "O campo deve ser formado por três `radio buttons` com as opções \"Feminino\", \"Masculino\" e \"Personalizado\"",
                  "fullTitle": "Facebook Signup Crie um campo de entrada para gênero do usuário dentro do formulário criado no requisito 10 O campo deve ser formado por três `radio buttons` com as opções \"Feminino\", \"Masculino\" e \"Personalizado\"",
                  "timedOut": null,
                  "duration": 947,
                  "state": "passed",
                  "speed": "slow",
                  "pass": true,
                  "fail": false,
                  "pending": false,
                  "context": null,
                  "code": "cy.get(\"input[type='radio']\").should(function ($radios) {\n  expect($radios).to.have.length(GENRES.length);\n  $radios.each(function (index, radio) {\n    expect(Cypress.$(radio).val()).to.equal(GENRES[index]);\n  });\n});",
                  "err": {},
                  "uuid": "88a34d5b-7045-451b-aeb9-16d419cf8260",
                  "parentUUID": "e4c5c5d8-32ac-4241-950e-024b40e0f43b",
                  "isHook": false,
                  "skipped": false
                },
                {
                  "title": "Posicione os radio buttons para ficar na mesma linha",
                  "fullTitle": "Facebook Signup Crie um campo de entrada para gênero do usuário dentro do formulário criado no requisito 10 Posicione os radio buttons para ficar na mesma linha",
                  "timedOut": null,
                  "duration": 864,
                  "state": "passed",
                  "speed": "slow",
                  "pass": true,
                  "fail": false,
                  "pending": false,
                  "context": null,
                  "code": "var topOptions = [];\ncy.get(\"input[type='radio']\").should(function ($radios) {\n  $radios.each(function (index, radio) {\n    topOptions.push(radio.getBoundingClientRect()[\"top\"]);\n  });\n  expect((0, _toConsumableArray2[\"default\"])(new Set(topOptions)).length).to.equal(1);\n});",
                  "err": {},
                  "uuid": "b7e2a5a3-621d-4143-a404-228f877e341d",
                  "parentUUID": "e4c5c5d8-32ac-4241-950e-024b40e0f43b",
                  "isHook": false,
                  "skipped": false
                },
                {
                  "title": "Posicione os radio buttons para ficar abaixo do label",
                  "fullTitle": "Facebook Signup Crie um campo de entrada para gênero do usuário dentro do formulário criado no requisito 10 Posicione os radio buttons para ficar abaixo do label",
                  "timedOut": null,
                  "duration": 321,
                  "state": "passed",
                  "speed": "slow",
                  "pass": true,
                  "fail": false,
                  "pending": false,
                  "context": null,
                  "code": "cy.document().then(function (doc) {\n  var topOptions = [];\n  var topLabel = evaluateOffset(doc, '.main-content form label#label-gender', 'top');\n  var heightLabel = evaluateOffset(doc, '.main-content form label#label-gender', 'height');\n  cy.get(\"input[type='radio']\").should(function ($radios) {\n    $radios.each(function (index, radio) {\n      topOptions.push(radio.getBoundingClientRect()[\"top\"]);\n    });\n    expect((0, _toConsumableArray2[\"default\"])(new Set(topOptions))[0] > topLabel + heightLabel).to.equal(true);\n  });\n});",
                  "err": {},
                  "uuid": "4e37080f-1d36-4d27-9b7c-7dda87c9231f",
                  "parentUUID": "e4c5c5d8-32ac-4241-950e-024b40e0f43b",
                  "isHook": false,
                  "skipped": false
                }
              ],
              "suites": [],
              "passes": [
                "7b34c08d-c081-41f7-bdd6-d7b1e40caf56",
                "88a34d5b-7045-451b-aeb9-16d419cf8260",
                "b7e2a5a3-621d-4143-a404-228f877e341d",
                "4e37080f-1d36-4d27-9b7c-7dda87c9231f"
              ],
              "failures": [],
              "pending": [],
              "skipped": [],
              "duration": 2374,
              "root": false,
              "rootEmpty": false,
              "_timeout": 2000
            },
            {
              "uuid": "0fb39c13-0985-4557-bd4d-b6d8777bbf3c",
              "title": "Crie um botão para finalizar o cadastro dentro do formulário criado no requisito 10",
              "fullFile": "",
              "file": "",
              "beforeHooks": [],
              "afterHooks": [],
              "tests": [
                {
                  "title": "Um botão com o texto \"Cadastre-se\" e id \"facebook-register\"",
                  "fullTitle": "Facebook Signup Crie um botão para finalizar o cadastro dentro do formulário criado no requisito 10 Um botão com o texto \"Cadastre-se\" e id \"facebook-register\"",
                  "timedOut": null,
                  "duration": 1017,
                  "state": "passed",
                  "speed": "slow",
                  "pass": true,
                  "fail": false,
                  "pending": false,
                  "context": null,
                  "code": "cy.get(REGISTER_BUTTON_SELECTOR).should('exist').should('have.text', 'Cadastre-se');",
                  "err": {},
                  "uuid": "f1aa256e-ce80-418a-83e5-1881bb9a0ff3",
                  "parentUUID": "0fb39c13-0985-4557-bd4d-b6d8777bbf3c",
                  "isHook": false,
                  "skipped": false
                },
                {
                  "title": "Deve ter a propriedade type igual a submit",
                  "fullTitle": "Facebook Signup Crie um botão para finalizar o cadastro dentro do formulário criado no requisito 10 Deve ter a propriedade type igual a submit",
                  "timedOut": null,
                  "duration": 313,
                  "state": "passed",
                  "speed": "slow",
                  "pass": true,
                  "fail": false,
                  "pending": false,
                  "context": null,
                  "code": "cy.get(REGISTER_BUTTON_SELECTOR).should('have.attr', 'type').should('equal', 'submit');",
                  "err": {},
                  "uuid": "af95d07b-0ac5-409d-b4da-62a5857a227b",
                  "parentUUID": "0fb39c13-0985-4557-bd4d-b6d8777bbf3c",
                  "isHook": false,
                  "skipped": false
                }
              ],
              "suites": [],
              "passes": [
                "f1aa256e-ce80-418a-83e5-1881bb9a0ff3",
                "af95d07b-0ac5-409d-b4da-62a5857a227b"
              ],
              "failures": [],
              "pending": [],
              "skipped": [],
              "duration": 1330,
              "root": false,
              "rootEmpty": false,
              "_timeout": 2000
            },
            {
              "uuid": "3c3a39db-8a8e-4c6c-8bda-d92196c9337f",
              "title": "Validar se todos os campos foram preenchidos ao clicar no botão \"Cadastre-se\"",
              "fullFile": "",
              "file": "",
              "beforeHooks": [],
              "afterHooks": [],
              "tests": [
                {
                  "title": "Exibir uma mensagem \"Campos inválidos\" dentro do formulário caso pelo menos um campo não esteja preenchido",
                  "fullTitle": "Facebook Signup Validar se todos os campos foram preenchidos ao clicar no botão \"Cadastre-se\" Exibir uma mensagem \"Campos inválidos\" dentro do formulário caso pelo menos um campo não esteja preenchido",
                  "timedOut": null,
                  "duration": 8669,
                  "state": "failed",
                  "speed": null,
                  "pass": false,
                  "fail": true,
                  "pending": false,
                  "context": null,
                  "code": "cy.get('input[name=\"firstname\"]').type(\"John\");\ncy.get('input[name=\"lastname\"]').type(\"Doe\");\ncy.get(REGISTER_BUTTON_SELECTOR).click();\ncy.get('.main-content form').contains('Campos inválidos');",
                  "err": {
                    "message": "CypressError: Timed out retrying: Expected to find content: 'Campos inválidos' within the element: <form#sign-up-form> but never did.",
                    "estack": "CypressError: Timed out retrying: Expected to find content: 'Campos inválidos' within the element: <form#sign-up-form> but never did.\n    at cypressErr (http://localhost:39791/__cypress/runner/cypress_runner.js:138036:9)\n    at throwErr (http://localhost:39791/__cypress/runner/cypress_runner.js:137969:11)\n    at Object.throwErrByPath (http://localhost:39791/__cypress/runner/cypress_runner.js:138017:3)\n    at retry (http://localhost:39791/__cypress/runner/cypress_runner.js:132299:19)\n    at onFailFn (http://localhost:39791/__cypress/runner/cypress_runner.js:120514:16)\n    at tryCatcher (http://localhost:39791/__cypress/runner/cypress_runner.js:164895:23)\n    at Promise._settlePromiseFromHandler (http://localhost:39791/__cypress/runner/cypress_runner.js:162831:31)\n    at Promise._settlePromise (http://localhost:39791/__cypress/runner/cypress_runner.js:162888:18)\n    at Promise._settlePromise0 (http://localhost:39791/__cypress/runner/cypress_runner.js:162933:10)\n    at Promise._settlePromises (http://localhost:39791/__cypress/runner/cypress_runner.js:163008:18)\n    at Async../node_modules/bluebird/js/release/async.js.Async._drainQueue (http://localhost:39791/__cypress/runner/cypress_runner.js:159620:16)\n    at Async../node_modules/bluebird/js/release/async.js.Async._drainQueues (http://localhost:39791/__cypress/runner/cypress_runner.js:159630:10)\n    at Async.drainQueues (http://localhost:39791/__cypress/runner/cypress_runner.js:159504:14)",
                    "diff": null
                  },
                  "uuid": "3adf0390-fef1-4290-bdb5-5387257e75c3",
                  "parentUUID": "3c3a39db-8a8e-4c6c-8bda-d92196c9337f",
                  "isHook": false,
                  "skipped": false
                }
              ],
              "suites": [],
              "passes": [],
              "failures": [
                "3adf0390-fef1-4290-bdb5-5387257e75c3"
              ],
              "pending": [],
              "skipped": [],
              "duration": 8669,
              "root": false,
              "rootEmpty": false,
              "_timeout": 2000
            },
            {
              "uuid": "431f6b36-c7e6-413c-b814-ed7347f11b84",
              "title": "Adicione um novo campo de texto no formulário se a pessoa usuária selecionar a opção \"Personalizado\" no campo Gênero",
              "fullFile": "",
              "file": "",
              "beforeHooks": [],
              "afterHooks": [],
              "tests": [
                {
                  "title": "O novo campo dever ser uma campo de texto com o atributo name \"gender-custom\" e um placeholder \"Gênero (opcional)\"",
                  "fullTitle": "Facebook Signup Adicione um novo campo de texto no formulário se a pessoa usuária selecionar a opção \"Personalizado\" no campo Gênero O novo campo dever ser uma campo de texto com o atributo name \"gender-custom\" e um placeholder \"Gênero (opcional)\"",
                  "timedOut": null,
                  "duration": 5505,
                  "state": "failed",
                  "speed": null,
                  "pass": false,
                  "fail": true,
                  "pending": false,
                  "context": null,
                  "code": "cy.get('input[name=\"gender-custom\"]').should('exist');",
                  "err": {
                    "message": "CypressError: Timed out retrying: Expected to find element: 'input[name=\"gender-custom\"]', but never found it.",
                    "estack": "CypressError: Timed out retrying: Expected to find element: 'input[name=\"gender-custom\"]', but never found it.\n    at cypressErr (http://localhost:39791/__cypress/runner/cypress_runner.js:138036:9)\n    at throwErr (http://localhost:39791/__cypress/runner/cypress_runner.js:137969:11)\n    at Object.throwErrByPath (http://localhost:39791/__cypress/runner/cypress_runner.js:138017:3)\n    at retry (http://localhost:39791/__cypress/runner/cypress_runner.js:132299:19)\n    at onFailFn (http://localhost:39791/__cypress/runner/cypress_runner.js:120514:16)\n    at tryCatcher (http://localhost:39791/__cypress/runner/cypress_runner.js:164895:23)\n    at Promise._settlePromiseFromHandler (http://localhost:39791/__cypress/runner/cypress_runner.js:162831:31)\n    at Promise._settlePromise (http://localhost:39791/__cypress/runner/cypress_runner.js:162888:18)\n    at Promise._settlePromise0 (http://localhost:39791/__cypress/runner/cypress_runner.js:162933:10)\n    at Promise._settlePromises (http://localhost:39791/__cypress/runner/cypress_runner.js:163008:18)\n    at Async../node_modules/bluebird/js/release/async.js.Async._drainQueue (http://localhost:39791/__cypress/runner/cypress_runner.js:159620:16)\n    at Async../node_modules/bluebird/js/release/async.js.Async._drainQueues (http://localhost:39791/__cypress/runner/cypress_runner.js:159630:10)\n    at Async.drainQueues (http://localhost:39791/__cypress/runner/cypress_runner.js:159504:14)",
                    "diff": null
                  },
                  "uuid": "d917d6c1-2345-443b-b52a-f2c0689aa5f4",
                  "parentUUID": "431f6b36-c7e6-413c-b814-ed7347f11b84",
                  "isHook": false,
                  "skipped": false
                },
                {
                  "title": "O novo campo deve estar posicionado entre as opções de gênero e o botão \"Cadastrar-se\"",
                  "fullTitle": "Facebook Signup Adicione um novo campo de texto no formulário se a pessoa usuária selecionar a opção \"Personalizado\" no campo Gênero O novo campo deve estar posicionado entre as opções de gênero e o botão \"Cadastrar-se\"",
                  "timedOut": null,
                  "duration": 848,
                  "state": "failed",
                  "speed": null,
                  "pass": false,
                  "fail": true,
                  "pending": false,
                  "context": null,
                  "code": "checkIsBelowOf('input[name=\"gender\"]', 'input[name=\"gender-custom\"]');\ncheckIsBelowOf('input[name=\"gender-custom\"]', REGISTER_BUTTON_SELECTOR);",
                  "err": {
                    "message": "TypeError: Cannot read property 'getBoundingClientRect' of null",
                    "estack": "TypeError: Cannot read property 'getBoundingClientRect' of null\n    at evaluateOffset (http://localhost:39791/__cypress/tests?p=cypress/integration/project.spec.js-359:81:37)\n    at Context.<anonymous> (http://localhost:39791/__cypress/tests?p=cypress/integration/project.spec.js-359:104:12)",
                    "diff": null
                  },
                  "uuid": "a0d95b98-7f17-472f-9fd4-139895445786",
                  "parentUUID": "431f6b36-c7e6-413c-b814-ed7347f11b84",
                  "isHook": false,
                  "skipped": false
                }
              ],
              "suites": [],
              "passes": [],
              "failures": [
                "d917d6c1-2345-443b-b52a-f2c0689aa5f4",
                "a0d95b98-7f17-472f-9fd4-139895445786"
              ],
              "pending": [],
              "skipped": [],
              "duration": 6353,
              "root": false,
              "rootEmpty": false,
              "_timeout": 2000
            },
            {
              "uuid": "7ac6df5d-c991-412c-8ffd-8e6e1226fefb",
              "title": "Substituir o conteúdo do container com a classe right-content se o formulário estiver completamente preenchido e validado",
              "fullFile": "",
              "file": "",
              "beforeHooks": [],
              "afterHooks": [],
              "tests": [
                {
                  "title": "Deve haver um texto no modelo \"Olá, Jonh Doe\" (substitua John Doe pelo nome e sobrenome preenchido no formulário)",
                  "fullTitle": "Facebook Signup Substituir o conteúdo do container com a classe right-content se o formulário estiver completamente preenchido e validado Deve haver um texto no modelo \"Olá, Jonh Doe\" (substitua John Doe pelo nome e sobrenome preenchido no formulário)",
                  "timedOut": null,
                  "duration": 2094,
                  "state": "failed",
                  "speed": null,
                  "pass": false,
                  "fail": true,
                  "pending": false,
                  "context": null,
                  "code": "cy.get('.main-content .right-content').contains(\"Ol\\xE1, \".concat(firstname, \" \").concat(lastname));",
                  "err": {
                    "message": "CypressError: Typing into a date input with cy.type() requires a valid date with the format 'yyyy-MM-dd'. You passed: 01/01/1990\n\nBecause this error occurred during a 'before each' hook we are skipping the remaining tests in the current suite: 'Substituir o conteúdo do co...'",
                    "estack": "CypressError: Typing into a date input with cy.type() requires a valid date with the format 'yyyy-MM-dd'. You passed: 01/01/1990\n\nBecause this error occurred during a 'before each' hook we are skipping the remaining tests in the current suite: 'Substituir o conteúdo do co...'\n    at cypressErr (http://localhost:39791/__cypress/runner/cypress_runner.js:138036:9)\n    at throwErr (http://localhost:39791/__cypress/runner/cypress_runner.js:137969:11)\n    at Object.throwErrByPath (http://localhost:39791/__cypress/runner/cypress_runner.js:138017:3)\n    at validateTyping (http://localhost:39791/__cypress/runner/cypress_runner.js:130587:65)\n    at http://localhost:39791/__cypress/runner/cypress_runner.js:130842:35\n    at tryCatcher (http://localhost:39791/__cypress/runner/cypress_runner.js:164895:23)\n    at Function.Promise.attempt.Promise.try (http://localhost:39791/__cypress/runner/cypress_runner.js:162170:29)\n    at http://localhost:39791/__cypress/runner/cypress_runner.js:130887:70\n    at tryCatcher (http://localhost:39791/__cypress/runner/cypress_runner.js:164895:23)\n    at Object.gotValue (http://localhost:39791/__cypress/runner/cypress_runner.js:164037:18)\n    at Object.gotAccum (http://localhost:39791/__cypress/runner/cypress_runner.js:164026:25)\n    at Object.tryCatcher (http://localhost:39791/__cypress/runner/cypress_runner.js:164895:23)\n    at Promise._settlePromiseFromHandler (http://localhost:39791/__cypress/runner/cypress_runner.js:162831:31)\n    at Promise._settlePromise (http://localhost:39791/__cypress/runner/cypress_runner.js:162888:18)\n    at Promise._settlePromiseCtx (http://localhost:39791/__cypress/runner/cypress_runner.js:162925:10)\n    at Async../node_modules/bluebird/js/release/async.js.Async._drainQueue (http://localhost:39791/__cypress/runner/cypress_runner.js:159625:12)",
                    "diff": null
                  },
                  "uuid": "db51213d-b92b-4f89-9450-ffd5338725aa",
                  "parentUUID": "7ac6df5d-c991-412c-8ffd-8e6e1226fefb",
                  "isHook": false,
                  "skipped": false
                },
                {
                  "title": "Exibir o e-mail ou telefone",
                  "fullTitle": "Facebook Signup Substituir o conteúdo do container com a classe right-content se o formulário estiver completamente preenchido e validado Exibir o e-mail ou telefone",
                  "timedOut": null,
                  "duration": 0,
                  "state": "skipped",
                  "speed": null,
                  "pass": false,
                  "fail": false,
                  "pending": false,
                  "context": null,
                  "code": "cy.get('.main-content .right-content').contains(phoneEmail);",
                  "err": {},
                  "uuid": "4311dd66-7dcd-46f5-a7b9-3e8a2808624a",
                  "parentUUID": "7ac6df5d-c991-412c-8ffd-8e6e1226fefb",
                  "isHook": false,
                  "skipped": true
                },
                {
                  "title": "Não exibir a senha",
                  "fullTitle": "Facebook Signup Substituir o conteúdo do container com a classe right-content se o formulário estiver completamente preenchido e validado Não exibir a senha",
                  "timedOut": null,
                  "duration": 0,
                  "state": "skipped",
                  "speed": null,
                  "pass": false,
                  "fail": false,
                  "pending": false,
                  "context": null,
                  "code": "cy.get('.main-content .right-content').should('not.contain', password);",
                  "err": {},
                  "uuid": "50d05472-6935-4d33-987c-39b73a8961e7",
                  "parentUUID": "7ac6df5d-c991-412c-8ffd-8e6e1226fefb",
                  "isHook": false,
                  "skipped": true
                },
                {
                  "title": "Exibir a data de nascimento",
                  "fullTitle": "Facebook Signup Substituir o conteúdo do container com a classe right-content se o formulário estiver completamente preenchido e validado Exibir a data de nascimento",
                  "timedOut": null,
                  "duration": 0,
                  "state": "skipped",
                  "speed": null,
                  "pass": false,
                  "fail": false,
                  "pending": false,
                  "context": null,
                  "code": "cy.get('.main-content .right-content').contains(birthdate);",
                  "err": {},
                  "uuid": "e8a308f7-e077-4759-b506-95ae0fbfa34a",
                  "parentUUID": "7ac6df5d-c991-412c-8ffd-8e6e1226fefb",
                  "isHook": false,
                  "skipped": true
                },
                {
                  "title": "Caso a opção selecionada no campo Gênero seja Feminino exibir \"Feminino\"",
                  "fullTitle": "Facebook Signup Substituir o conteúdo do container com a classe right-content se o formulário estiver completamente preenchido e validado Caso a opção selecionada no campo Gênero seja Feminino exibir \"Feminino\"",
                  "timedOut": null,
                  "duration": 0,
                  "state": "skipped",
                  "speed": null,
                  "pass": false,
                  "fail": false,
                  "pending": false,
                  "context": null,
                  "code": "fillForm();\ncy.get('input[name=\"gender\"]').check('Feminino');\ncy.get(REGISTER_BUTTON_SELECTOR).click();\ncy.get('.main-content .right-content').contains('Feminino');",
                  "err": {},
                  "uuid": "60a92245-63d6-434e-b534-9e0fcf26171d",
                  "parentUUID": "7ac6df5d-c991-412c-8ffd-8e6e1226fefb",
                  "isHook": false,
                  "skipped": true
                },
                {
                  "title": "Caso a opção selecionada no campo Gênero seja Masculino exibir \"Masculino\"",
                  "fullTitle": "Facebook Signup Substituir o conteúdo do container com a classe right-content se o formulário estiver completamente preenchido e validado Caso a opção selecionada no campo Gênero seja Masculino exibir \"Masculino\"",
                  "timedOut": null,
                  "duration": 0,
                  "state": "skipped",
                  "speed": null,
                  "pass": false,
                  "fail": false,
                  "pending": false,
                  "context": null,
                  "code": "fillForm();\ncy.get('input[name=\"gender\"]').check('Masculino');\ncy.get(REGISTER_BUTTON_SELECTOR).click();\ncy.get('.main-content .right-content').contains('Masculino');",
                  "err": {},
                  "uuid": "5c6e9146-f515-4517-b0f1-10215b623533",
                  "parentUUID": "7ac6df5d-c991-412c-8ffd-8e6e1226fefb",
                  "isHook": false,
                  "skipped": true
                },
                {
                  "title": "Caso a opção selecionada no campo Gênero seja Personalizado exibir \"Personalizado\"",
                  "fullTitle": "Facebook Signup Substituir o conteúdo do container com a classe right-content se o formulário estiver completamente preenchido e validado Caso a opção selecionada no campo Gênero seja Personalizado exibir \"Personalizado\"",
                  "timedOut": null,
                  "duration": 0,
                  "state": "skipped",
                  "speed": null,
                  "pass": false,
                  "fail": false,
                  "pending": false,
                  "context": null,
                  "code": "fillForm();\ncy.get('input[name=\"gender\"]').check('Personalizado');\ncy.get(REGISTER_BUTTON_SELECTOR).click();\ncy.get('.main-content .right-content').contains('Personalizado');",
                  "err": {},
                  "uuid": "bf1a712b-ef96-4aea-869a-df93bd97fa5f",
                  "parentUUID": "7ac6df5d-c991-412c-8ffd-8e6e1226fefb",
                  "isHook": false,
                  "skipped": true
                }
              ],
              "suites": [],
              "passes": [],
              "failures": [
                "db51213d-b92b-4f89-9450-ffd5338725aa"
              ],
              "pending": [],
              "skipped": [
                "4311dd66-7dcd-46f5-a7b9-3e8a2808624a",
                "50d05472-6935-4d33-987c-39b73a8961e7",
                "e8a308f7-e077-4759-b506-95ae0fbfa34a",
                "60a92245-63d6-434e-b534-9e0fcf26171d",
                "5c6e9146-f515-4517-b0f1-10215b623533",
                "bf1a712b-ef96-4aea-869a-df93bd97fa5f"
              ],
              "duration": 2094,
              "root": false,
              "rootEmpty": false,
              "_timeout": 2000
            }
          ],
          "passes": [],
          "failures": [],
          "pending": [],
          "skipped": [],
          "duration": 0,
          "root": false,
          "rootEmpty": false,
          "_timeout": 2000
        }
      ],
      "passes": [],
      "failures": [],
      "pending": [],
      "skipped": [],
      "duration": 0,
      "root": true,
      "rootEmpty": true,
      "_timeout": 2000
    }
  ],
  "meta": {
    "mocha": {
      "version": "7.1.0"
    },
    "mochawesome": {
      "options": {
        "quiet": false,
        "reportFilename": "mochawesome",
        "saveHtml": false,
        "saveJson": true,
        "consoleReporter": "spec",
        "useInlineDiffs": false,
        "code": true
      },
      "version": "5.0.0"
    },
    "marge": {
      "options": {
        "id": "default",
        "reportDir": "cypress/reports",
        "overwrite": true,
        "html": false,
        "json": true
      },
      "version": "4.1.0"
    }
  }
}