{
  "stats": {
    "suites": 21,
    "tests": 61,
    "passes": 61,
    "pending": 0,
    "failures": 0,
    "start": "2020-09-25T13:41:20.242Z",
    "end": "2020-09-25T13:41:33.335Z",
    "duration": 13093,
    "testsRegistered": 68,
    "passPercent": 89.70588235294117,
    "pendingPercent": 0,
    "other": 1,
    "hasOther": true,
    "skipped": 7,
    "hasSkipped": true
  },
  "results": [
    {
      "uuid": "d29f2dfe-5cc2-4df9-82b8-bf191fb337f0",
      "title": "",
      "fullFile": "cypress/integration/project.spec.js",
      "file": "cypress/integration/project.spec.js",
      "beforeHooks": [],
      "afterHooks": [],
      "tests": [],
      "suites": [
        {
          "uuid": "65a119d8-d711-4af8-b65f-61a377724252",
          "title": "Facebook Signup",
          "fullFile": "",
          "file": "",
          "beforeHooks": [],
          "afterHooks": [],
          "tests": [],
          "suites": [
            {
              "uuid": "4c48099b-4b64-4178-b2fb-85c177765cb2",
              "title": "Crie uma barra azul na parte superior da página com a classe top-bar",
              "fullFile": "",
              "file": "",
              "beforeHooks": [],
              "afterHooks": [],
              "tests": [
                {
                  "title": "Esta barra deve possuir a classe top-bar",
                  "fullTitle": "Facebook Signup Crie uma barra azul na parte superior da página com a classe top-bar Esta barra deve possuir a classe top-bar",
                  "timedOut": null,
                  "duration": 192,
                  "state": "passed",
                  "speed": "slow",
                  "pass": true,
                  "fail": false,
                  "pending": false,
                  "context": null,
                  "code": "cy.get(TOP_BAR_SELECTOR).should('exist');",
                  "err": {},
                  "uuid": "bfbe5632-37e2-4bbe-b9cd-8861a33ee9e1",
                  "parentUUID": "4c48099b-4b64-4178-b2fb-85c177765cb2",
                  "isHook": false,
                  "skipped": false
                },
                {
                  "title": "A classe top-bar deve determinar que o elemento é um flex container",
                  "fullTitle": "Facebook Signup Crie uma barra azul na parte superior da página com a classe top-bar A classe top-bar deve determinar que o elemento é um flex container",
                  "timedOut": null,
                  "duration": 249,
                  "state": "passed",
                  "speed": "slow",
                  "pass": true,
                  "fail": false,
                  "pending": false,
                  "context": null,
                  "code": "cy.get(TOP_BAR_SELECTOR).should('have.css', 'display', 'flex');",
                  "err": {},
                  "uuid": "07cbf153-c69e-4c53-a4fa-d973a1fdf8fb",
                  "parentUUID": "4c48099b-4b64-4178-b2fb-85c177765cb2",
                  "isHook": false,
                  "skipped": false
                },
                {
                  "title": "A classe top-bar deve possuir a propriedade `background-color: rgb(66, 103, 178)`",
                  "fullTitle": "Facebook Signup Crie uma barra azul na parte superior da página com a classe top-bar A classe top-bar deve possuir a propriedade `background-color: rgb(66, 103, 178)`",
                  "timedOut": null,
                  "duration": 147,
                  "state": "passed",
                  "speed": "slow",
                  "pass": true,
                  "fail": false,
                  "pending": false,
                  "context": null,
                  "code": "cy.get(TOP_BAR_SELECTOR).should('have.css', 'background-color', 'rgb(66, 103, 178)');",
                  "err": {},
                  "uuid": "f1afc863-573c-4f26-abc5-02669b2570f6",
                  "parentUUID": "4c48099b-4b64-4178-b2fb-85c177765cb2",
                  "isHook": false,
                  "skipped": false
                }
              ],
              "suites": [],
              "passes": [
                "bfbe5632-37e2-4bbe-b9cd-8861a33ee9e1",
                "07cbf153-c69e-4c53-a4fa-d973a1fdf8fb",
                "f1afc863-573c-4f26-abc5-02669b2570f6"
              ],
              "failures": [],
              "pending": [],
              "skipped": [],
              "duration": 588,
              "root": false,
              "rootEmpty": false,
              "_timeout": 2000
            },
            {
              "uuid": "c9ee56bb-0009-4434-945d-cb6e015a76b7",
              "title": "A barra superior deve conter o logotipo do Facebook no canto esquerdo com a classe facebook-logo",
              "fullFile": "",
              "file": "",
              "beforeHooks": [],
              "afterHooks": [],
              "tests": [
                {
                  "title": "O logotipo deve estar alinhado a esquerda dentro da barra azul",
                  "fullTitle": "Facebook Signup A barra superior deve conter o logotipo do Facebook no canto esquerdo com a classe facebook-logo O logotipo deve estar alinhado a esquerda dentro da barra azul",
                  "timedOut": null,
                  "duration": 121,
                  "state": "passed",
                  "speed": "slow",
                  "pass": true,
                  "fail": false,
                  "pending": false,
                  "context": null,
                  "code": "cy.get(FACEBOOK_LOGOTIPO_SELECTOR).should('be.leftAligned', '.top-bar');",
                  "err": {},
                  "uuid": "995237ea-98b9-4a56-b878-8c1d117bbdf2",
                  "parentUUID": "c9ee56bb-0009-4434-945d-cb6e015a76b7",
                  "isHook": false,
                  "skipped": false
                },
                {
                  "title": "Deve existir um elemento img com a classe facebook-logo",
                  "fullTitle": "Facebook Signup A barra superior deve conter o logotipo do Facebook no canto esquerdo com a classe facebook-logo Deve existir um elemento img com a classe facebook-logo",
                  "timedOut": null,
                  "duration": 229,
                  "state": "passed",
                  "speed": "slow",
                  "pass": true,
                  "fail": false,
                  "pending": false,
                  "context": null,
                  "code": "cy.get(FACEBOOK_LOGOTIPO_SELECTOR).should('exist');",
                  "err": {},
                  "uuid": "b8ef3543-5ce2-426f-8fec-6cd5d821a91e",
                  "parentUUID": "c9ee56bb-0009-4434-945d-cb6e015a76b7",
                  "isHook": false,
                  "skipped": false
                },
                {
                  "title": "O atributo src do logotipo deve apontar para imgs/facebook-logo.png",
                  "fullTitle": "Facebook Signup A barra superior deve conter o logotipo do Facebook no canto esquerdo com a classe facebook-logo O atributo src do logotipo deve apontar para imgs/facebook-logo.png",
                  "timedOut": null,
                  "duration": 191,
                  "state": "passed",
                  "speed": "slow",
                  "pass": true,
                  "fail": false,
                  "pending": false,
                  "context": null,
                  "code": "cy.get(FACEBOOK_LOGOTIPO_SELECTOR).should('have.attr', 'src').should('equal', 'imgs/facebook-logo.png');",
                  "err": {},
                  "uuid": "d95742d4-6c5a-4afd-967e-ea6009d602a5",
                  "parentUUID": "c9ee56bb-0009-4434-945d-cb6e015a76b7",
                  "isHook": false,
                  "skipped": false
                }
              ],
              "suites": [],
              "passes": [
                "995237ea-98b9-4a56-b878-8c1d117bbdf2",
                "b8ef3543-5ce2-426f-8fec-6cd5d821a91e",
                "d95742d4-6c5a-4afd-967e-ea6009d602a5"
              ],
              "failures": [],
              "pending": [],
              "skipped": [],
              "duration": 541,
              "root": false,
              "rootEmpty": false,
              "_timeout": 2000
            },
            {
              "uuid": "60723e0d-767a-4568-9a66-72fc1b1f6a78",
              "title": "A barra superior deve conter um formulário de autenticação no canto direito",
              "fullFile": "",
              "file": "",
              "beforeHooks": [],
              "afterHooks": [],
              "tests": [
                {
                  "title": "O formulário deve estar alinhado a direita dentro da barra azul",
                  "fullTitle": "Facebook Signup A barra superior deve conter um formulário de autenticação no canto direito O formulário deve estar alinhado a direita dentro da barra azul",
                  "timedOut": null,
                  "duration": 277,
                  "state": "passed",
                  "speed": "slow",
                  "pass": true,
                  "fail": false,
                  "pending": false,
                  "context": null,
                  "code": "cy.get(FACEBOOK_LOGIN_FORM_SELECTOR).should('be.rightAligned', '.top-bar');",
                  "err": {},
                  "uuid": "12ab1cdc-dd92-429c-b971-167ad82802bb",
                  "parentUUID": "60723e0d-767a-4568-9a66-72fc1b1f6a78",
                  "isHook": false,
                  "skipped": false
                },
                {
                  "title": "Existe formulário possui uma classe chamada facebook-login",
                  "fullTitle": "Facebook Signup A barra superior deve conter um formulário de autenticação no canto direito Existe formulário possui uma classe chamada facebook-login",
                  "timedOut": null,
                  "duration": 244,
                  "state": "passed",
                  "speed": "slow",
                  "pass": true,
                  "fail": false,
                  "pending": false,
                  "context": null,
                  "code": "cy.get(FACEBOOK_LOGIN_FORM_SELECTOR).should('exist');",
                  "err": {},
                  "uuid": "99131fa5-1939-403d-84bc-90cd79e817e6",
                  "parentUUID": "60723e0d-767a-4568-9a66-72fc1b1f6a78",
                  "isHook": false,
                  "skipped": false
                },
                {
                  "title": "O formulário deve ser um flex container",
                  "fullTitle": "Facebook Signup A barra superior deve conter um formulário de autenticação no canto direito O formulário deve ser um flex container",
                  "timedOut": null,
                  "duration": 184,
                  "state": "passed",
                  "speed": "slow",
                  "pass": true,
                  "fail": false,
                  "pending": false,
                  "context": null,
                  "code": "cy.get(FACEBOOK_LOGIN_FORM_SELECTOR).should('have.css', 'display', 'flex');",
                  "err": {},
                  "uuid": "2ea89cb2-7937-44d5-b54f-64d1dd42b46c",
                  "parentUUID": "60723e0d-767a-4568-9a66-72fc1b1f6a78",
                  "isHook": false,
                  "skipped": false
                }
              ],
              "suites": [],
              "passes": [
                "12ab1cdc-dd92-429c-b971-167ad82802bb",
                "99131fa5-1939-403d-84bc-90cd79e817e6",
                "2ea89cb2-7937-44d5-b54f-64d1dd42b46c"
              ],
              "failures": [],
              "pending": [],
              "skipped": [],
              "duration": 705,
              "root": false,
              "rootEmpty": false,
              "_timeout": 2000
            },
            {
              "uuid": "2377c80e-5296-4b55-8b0a-26799e6d7bcc",
              "title": "Crie uma classe no CSS chamada form-group",
              "fullFile": "",
              "file": "",
              "beforeHooks": [],
              "afterHooks": [],
              "tests": [
                {
                  "title": "Essa classe deve possuir a propriedade `diplay: flex`",
                  "fullTitle": "Facebook Signup Crie uma classe no CSS chamada form-group Essa classe deve possuir a propriedade `diplay: flex`",
                  "timedOut": null,
                  "duration": 95,
                  "state": "passed",
                  "speed": "slow",
                  "pass": true,
                  "fail": false,
                  "pending": false,
                  "context": null,
                  "code": "cy.get('.form-group').should('have.css', 'display', 'flex');",
                  "err": {},
                  "uuid": "521c9fb0-46b0-4637-9b0b-43606db7a8ff",
                  "parentUUID": "2377c80e-5296-4b55-8b0a-26799e6d7bcc",
                  "isHook": false,
                  "skipped": false
                },
                {
                  "title": "Alinhe o eixo principal dessa classe para ser o eixo vertical",
                  "fullTitle": "Facebook Signup Crie uma classe no CSS chamada form-group Alinhe o eixo principal dessa classe para ser o eixo vertical",
                  "timedOut": null,
                  "duration": 232,
                  "state": "passed",
                  "speed": "slow",
                  "pass": true,
                  "fail": false,
                  "pending": false,
                  "context": null,
                  "code": "cy.get('.form-group').should('have.css', 'flex-direction', 'column');",
                  "err": {},
                  "uuid": "48470b0f-8100-410b-9ded-6d0319a5e882",
                  "parentUUID": "2377c80e-5296-4b55-8b0a-26799e6d7bcc",
                  "isHook": false,
                  "skipped": false
                }
              ],
              "suites": [],
              "passes": [
                "521c9fb0-46b0-4637-9b0b-43606db7a8ff",
                "48470b0f-8100-410b-9ded-6d0319a5e882"
              ],
              "failures": [],
              "pending": [],
              "skipped": [],
              "duration": 327,
              "root": false,
              "rootEmpty": false,
              "_timeout": 2000
            },
            {
              "uuid": "26b24729-11b2-4f18-b35e-e55c2b75b1df",
              "title": "Adicione o primeiro subcontainer com a classe form-group para agrupar o rótulo e campo \"E-mail ou telefone\" dentro do formulário criado na etapa 3",
              "fullFile": "",
              "file": "",
              "beforeHooks": [],
              "afterHooks": [],
              "tests": [
                {
                  "title": "Deve haver um container utilizando a classe `form-group` criada no passo anterior",
                  "fullTitle": "Facebook Signup Adicione o primeiro subcontainer com a classe form-group para agrupar o rótulo e campo \"E-mail ou telefone\" dentro do formulário criado na etapa 3 Deve haver um container utilizando a classe `form-group` criada no passo anterior",
                  "timedOut": null,
                  "duration": 158,
                  "state": "passed",
                  "speed": "slow",
                  "pass": true,
                  "fail": false,
                  "pending": false,
                  "context": null,
                  "code": "cy.get('form.facebook-login').children().first().should('exist').should('have.class', 'form-group');",
                  "err": {},
                  "uuid": "58c4426b-3511-4708-a247-da7abd313478",
                  "parentUUID": "26b24729-11b2-4f18-b35e-e55c2b75b1df",
                  "isHook": false,
                  "skipped": false
                },
                {
                  "title": "Dentro do container `form-group` criado, deve haver um rótulo com o id user-email-phone-label e o texto \"Email ou telefone\"",
                  "fullTitle": "Facebook Signup Adicione o primeiro subcontainer com a classe form-group para agrupar o rótulo e campo \"E-mail ou telefone\" dentro do formulário criado na etapa 3 Dentro do container `form-group` criado, deve haver um rótulo com o id user-email-phone-label e o texto \"Email ou telefone\"",
                  "timedOut": null,
                  "duration": 133,
                  "state": "passed",
                  "speed": "slow",
                  "pass": true,
                  "fail": false,
                  "pending": false,
                  "context": null,
                  "code": "cy.get(USER_IDENTIFIER_LABEL_SELECTOR).parent().should('have.class', 'form-group');\ncy.get(USER_IDENTIFIER_LABEL_SELECTOR).should('exist').should('have.text', USER_IDENTIFIER_LABEL_TEXT_SELECTOR);",
                  "err": {},
                  "uuid": "81d305e4-dcfb-448b-b506-8a935793be34",
                  "parentUUID": "26b24729-11b2-4f18-b35e-e55c2b75b1df",
                  "isHook": false,
                  "skipped": false
                },
                {
                  "title": "Dentro do container `form-group` criado, abaixo do rótulo deve haver campo de entrada de texto para receber o email ou o telefone do usuário com o id user-email-phone",
                  "fullTitle": "Facebook Signup Adicione o primeiro subcontainer com a classe form-group para agrupar o rótulo e campo \"E-mail ou telefone\" dentro do formulário criado na etapa 3 Dentro do container `form-group` criado, abaixo do rótulo deve haver campo de entrada de texto para receber o email ou o telefone do usuário com o id user-email-phone",
                  "timedOut": null,
                  "duration": 146,
                  "state": "passed",
                  "speed": "slow",
                  "pass": true,
                  "fail": false,
                  "pending": false,
                  "context": null,
                  "code": "cy.get(USER_IDENTIFIER_INPUT_SELECTOR).should('exist');\ncy.get(USER_IDENTIFIER_INPUT_SELECTOR).parent().should('have.class', 'form-group');\ncheckIsBelowOf(USER_IDENTIFIER_LABEL_SELECTOR, USER_IDENTIFIER_INPUT_SELECTOR);",
                  "err": {},
                  "uuid": "d313916b-0d7d-42bb-b791-6390c3a4e0b4",
                  "parentUUID": "26b24729-11b2-4f18-b35e-e55c2b75b1df",
                  "isHook": false,
                  "skipped": false
                }
              ],
              "suites": [],
              "passes": [
                "58c4426b-3511-4708-a247-da7abd313478",
                "81d305e4-dcfb-448b-b506-8a935793be34",
                "d313916b-0d7d-42bb-b791-6390c3a4e0b4"
              ],
              "failures": [],
              "pending": [],
              "skipped": [],
              "duration": 437,
              "root": false,
              "rootEmpty": false,
              "_timeout": 2000
            },
            {
              "uuid": "50fa12b2-80ee-4992-97d6-55613c6d6d74",
              "title": "Adicione o segundo subcontainer com a classe form-group para agrupar o rótulo e campo \"Senha\" dentro do formulário criado na etapa 3",
              "fullFile": "",
              "file": "",
              "beforeHooks": [],
              "afterHooks": [],
              "tests": [
                {
                  "title": "Deve haver um novo container utilizando a classe `form-group` criada no passo 4",
                  "fullTitle": "Facebook Signup Adicione o segundo subcontainer com a classe form-group para agrupar o rótulo e campo \"Senha\" dentro do formulário criado na etapa 3 Deve haver um novo container utilizando a classe `form-group` criada no passo 4",
                  "timedOut": null,
                  "duration": 160,
                  "state": "passed",
                  "speed": "slow",
                  "pass": true,
                  "fail": false,
                  "pending": false,
                  "context": null,
                  "code": "cy.get(\"form.facebook-login > .form-group\").eq(1).should('exist');",
                  "err": {},
                  "uuid": "ad3505e4-0764-491c-bdb6-132add925f9b",
                  "parentUUID": "50fa12b2-80ee-4992-97d6-55613c6d6d74",
                  "isHook": false,
                  "skipped": false
                },
                {
                  "title": "Dentro do novo container `form-group` criado, deve haver um rótulo com o id user-password-label e o texto \"Senha\"",
                  "fullTitle": "Facebook Signup Adicione o segundo subcontainer com a classe form-group para agrupar o rótulo e campo \"Senha\" dentro do formulário criado na etapa 3 Dentro do novo container `form-group` criado, deve haver um rótulo com o id user-password-label e o texto \"Senha\"",
                  "timedOut": null,
                  "duration": 159,
                  "state": "passed",
                  "speed": "slow",
                  "pass": true,
                  "fail": false,
                  "pending": false,
                  "context": null,
                  "code": "cy.get(\"form.facebook-login .form-group label#user-password-label\").should('exist').should('have.text', USER_PASSWORD_LABEL_TEXT_SELECTOR);",
                  "err": {},
                  "uuid": "3d286411-7fc9-4d58-acf7-65296dadb90a",
                  "parentUUID": "50fa12b2-80ee-4992-97d6-55613c6d6d74",
                  "isHook": false,
                  "skipped": false
                },
                {
                  "title": "Dentro do novo container `form-group` criado, abaixo do rótulo deve haver campo de entrada para senha com o id user-password",
                  "fullTitle": "Facebook Signup Adicione o segundo subcontainer com a classe form-group para agrupar o rótulo e campo \"Senha\" dentro do formulário criado na etapa 3 Dentro do novo container `form-group` criado, abaixo do rótulo deve haver campo de entrada para senha com o id user-password",
                  "timedOut": null,
                  "duration": 137,
                  "state": "passed",
                  "speed": "slow",
                  "pass": true,
                  "fail": false,
                  "pending": false,
                  "context": null,
                  "code": "cy.get(\"form.facebook-login .form-group input#user-password\").should('exist');\ncheckIsBelowOf(USER_PASSWORD_LABEL_SELECTOR, USER_PASSWORD_INPUT_SELECTOR);",
                  "err": {},
                  "uuid": "5d35b0ab-b851-4eb2-b07a-1814678edda8",
                  "parentUUID": "50fa12b2-80ee-4992-97d6-55613c6d6d74",
                  "isHook": false,
                  "skipped": false
                }
              ],
              "suites": [],
              "passes": [
                "ad3505e4-0764-491c-bdb6-132add925f9b",
                "3d286411-7fc9-4d58-acf7-65296dadb90a",
                "5d35b0ab-b851-4eb2-b07a-1814678edda8"
              ],
              "failures": [],
              "pending": [],
              "skipped": [],
              "duration": 456,
              "root": false,
              "rootEmpty": false,
              "_timeout": 2000
            },
            {
              "uuid": "89719870-ab73-4311-9fae-756452391b22",
              "title": "Adicione o terceiro subcontainer com a classe form-control com o botão \"Entrar\" dentro do formulário criado na etapa 3",
              "fullFile": "",
              "file": "",
              "beforeHooks": [],
              "afterHooks": [],
              "tests": [
                {
                  "title": "Deve haver um novo container utilizando a classe `form-control` criada no passo anterior`",
                  "fullTitle": "Facebook Signup Adicione o terceiro subcontainer com a classe form-control com o botão \"Entrar\" dentro do formulário criado na etapa 3 Deve haver um novo container utilizando a classe `form-control` criada no passo anterior`",
                  "timedOut": null,
                  "duration": 154,
                  "state": "passed",
                  "speed": "slow",
                  "pass": true,
                  "fail": false,
                  "pending": false,
                  "context": null,
                  "code": "cy.get(\"form.facebook-login > .form-control\").eq(0).should('exist');",
                  "err": {},
                  "uuid": "7eec3434-05ae-4cfe-b2fc-70914272a57e",
                  "parentUUID": "89719870-ab73-4311-9fae-756452391b22",
                  "isHook": false,
                  "skipped": false
                },
                {
                  "title": "Crie uma classe no CSS form-control com a propriedade `align-self: flex-end`",
                  "fullTitle": "Facebook Signup Adicione o terceiro subcontainer com a classe form-control com o botão \"Entrar\" dentro do formulário criado na etapa 3 Crie uma classe no CSS form-control com a propriedade `align-self: flex-end`",
                  "timedOut": null,
                  "duration": 140,
                  "state": "passed",
                  "speed": "slow",
                  "pass": true,
                  "fail": false,
                  "pending": false,
                  "context": null,
                  "code": "cy.get('.form-control').should('have.css', 'align-self', 'flex-end');",
                  "err": {},
                  "uuid": "7c36c023-2226-439a-b36a-a639ca05ba3f",
                  "parentUUID": "89719870-ab73-4311-9fae-756452391b22",
                  "isHook": false,
                  "skipped": false
                },
                {
                  "title": "Dentro do novo container `form-control` criado, deve haver um botão com o id \"button-login\" e o texto \"Entrar\"",
                  "fullTitle": "Facebook Signup Adicione o terceiro subcontainer com a classe form-control com o botão \"Entrar\" dentro do formulário criado na etapa 3 Dentro do novo container `form-control` criado, deve haver um botão com o id \"button-login\" e o texto \"Entrar\"",
                  "timedOut": null,
                  "duration": 148,
                  "state": "passed",
                  "speed": "slow",
                  "pass": true,
                  "fail": false,
                  "pending": false,
                  "context": null,
                  "code": "cy.get(\"form.facebook-login .form-control #button-login\").should('exist').should('have.text', 'Entrar');",
                  "err": {},
                  "uuid": "d043ac34-8a21-4724-9204-b1096650a1a1",
                  "parentUUID": "89719870-ab73-4311-9fae-756452391b22",
                  "isHook": false,
                  "skipped": false
                },
                {
                  "title": "O botão deve estar alinhado a direita do campo de entrada para senha",
                  "fullTitle": "Facebook Signup Adicione o terceiro subcontainer com a classe form-control com o botão \"Entrar\" dentro do formulário criado na etapa 3 O botão deve estar alinhado a direita do campo de entrada para senha",
                  "timedOut": null,
                  "duration": 166,
                  "state": "passed",
                  "speed": "slow",
                  "pass": true,
                  "fail": false,
                  "pending": false,
                  "context": null,
                  "code": "checkIsRightOf(USER_PASSWORD_INPUT_SELECTOR, USER_LOGIN_BUTTON_SELECTOR);",
                  "err": {},
                  "uuid": "0f3619ab-f7fe-4d78-8fc1-e5c3a95efd5b",
                  "parentUUID": "89719870-ab73-4311-9fae-756452391b22",
                  "isHook": false,
                  "skipped": false
                },
                {
                  "title": "Ao clicar no botão com o id #button-login deve exibir um alert com o valor do campo \"Email ou telefone\"",
                  "fullTitle": "Facebook Signup Adicione o terceiro subcontainer com a classe form-control com o botão \"Entrar\" dentro do formulário criado na etapa 3 Ao clicar no botão com o id #button-login deve exibir um alert com o valor do campo \"Email ou telefone\"",
                  "timedOut": null,
                  "duration": 481,
                  "state": "passed",
                  "speed": "slow",
                  "pass": true,
                  "fail": false,
                  "pending": false,
                  "context": null,
                  "code": "var content = 'my-user';\nvar alerted = false;\ncy.on('window:alert', function (text) {\n  expect(text).to.equal(content);\n  alerted = true;\n});\ncy.get(USER_IDENTIFIER_INPUT_SELECTOR).type(content);\ncy.get(USER_LOGIN_BUTTON_SELECTOR).should('exist').should('have.text', 'Entrar').click().then(function () {\n  expect(alerted).to.eq(true);\n});",
                  "err": {},
                  "uuid": "0817cbb1-5672-4c57-a29e-df883928619a",
                  "parentUUID": "89719870-ab73-4311-9fae-756452391b22",
                  "isHook": false,
                  "skipped": false
                }
              ],
              "suites": [],
              "passes": [
                "7eec3434-05ae-4cfe-b2fc-70914272a57e",
                "7c36c023-2226-439a-b36a-a639ca05ba3f",
                "d043ac34-8a21-4724-9204-b1096650a1a1",
                "0f3619ab-f7fe-4d78-8fc1-e5c3a95efd5b",
                "0817cbb1-5672-4c57-a29e-df883928619a"
              ],
              "failures": [],
              "pending": [],
              "skipped": [],
              "duration": 1089,
              "root": false,
              "rootEmpty": false,
              "_timeout": 2000
            },
            {
              "uuid": "4a5091de-f444-43dc-a6bd-3a7add7ed5cd",
              "title": "Crie um container com a classe main-content abaixo da barra azul para agrupar o conteúdo principal da página",
              "fullFile": "",
              "file": "",
              "beforeHooks": [],
              "afterHooks": [],
              "tests": [
                {
                  "title": "Crie um elemento com a classe main-content",
                  "fullTitle": "Facebook Signup Crie um container com a classe main-content abaixo da barra azul para agrupar o conteúdo principal da página Crie um elemento com a classe main-content",
                  "timedOut": null,
                  "duration": 98,
                  "state": "passed",
                  "speed": "slow",
                  "pass": true,
                  "fail": false,
                  "pending": false,
                  "context": null,
                  "code": "cy.get('.main-content').should('exist');",
                  "err": {},
                  "uuid": "0149dee2-5949-45d9-9e8e-ef16e19b8cd7",
                  "parentUUID": "4a5091de-f444-43dc-a6bd-3a7add7ed5cd",
                  "isHook": false,
                  "skipped": false
                },
                {
                  "title": "O elemento deve ser um flex container no eixo horizontal",
                  "fullTitle": "Facebook Signup Crie um container com a classe main-content abaixo da barra azul para agrupar o conteúdo principal da página O elemento deve ser um flex container no eixo horizontal",
                  "timedOut": null,
                  "duration": 138,
                  "state": "passed",
                  "speed": "slow",
                  "pass": true,
                  "fail": false,
                  "pending": false,
                  "context": null,
                  "code": "cy.get('.main-content').should('have.css', 'display', 'flex').should('have.css', 'flex-direction', 'row');",
                  "err": {},
                  "uuid": "2558a0ad-a60a-4d57-b2d6-d1a16548e115",
                  "parentUUID": "4a5091de-f444-43dc-a6bd-3a7add7ed5cd",
                  "isHook": false,
                  "skipped": false
                },
                {
                  "title": "O elemento deve posicionado abaixo da barra azul",
                  "fullTitle": "Facebook Signup Crie um container com a classe main-content abaixo da barra azul para agrupar o conteúdo principal da página O elemento deve posicionado abaixo da barra azul",
                  "timedOut": null,
                  "duration": 109,
                  "state": "passed",
                  "speed": "slow",
                  "pass": true,
                  "fail": false,
                  "pending": false,
                  "context": null,
                  "code": "checkIsBelowOf('.top-bar', '.main-content');",
                  "err": {},
                  "uuid": "fc4fc6bf-7f2f-4a8d-a13b-4bce5c6a1dcf",
                  "parentUUID": "4a5091de-f444-43dc-a6bd-3a7add7ed5cd",
                  "isHook": false,
                  "skipped": false
                }
              ],
              "suites": [],
              "passes": [
                "0149dee2-5949-45d9-9e8e-ef16e19b8cd7",
                "2558a0ad-a60a-4d57-b2d6-d1a16548e115",
                "fc4fc6bf-7f2f-4a8d-a13b-4bce5c6a1dcf"
              ],
              "failures": [],
              "pending": [],
              "skipped": [],
              "duration": 345,
              "root": false,
              "rootEmpty": false,
              "_timeout": 2000
            },
            {
              "uuid": "2dd70517-b37f-46bb-a6fa-832f2f3f4939",
              "title": "Crie um subcontainer com a classe left-content para colocar o conteúdo do lado esquerdo dentro do container com a classe main-content",
              "fullFile": "",
              "file": "",
              "beforeHooks": [],
              "afterHooks": [],
              "tests": [
                {
                  "title": "O subcontainer deve ter a classe left-content",
                  "fullTitle": "Facebook Signup Crie um subcontainer com a classe left-content para colocar o conteúdo do lado esquerdo dentro do container com a classe main-content O subcontainer deve ter a classe left-content",
                  "timedOut": null,
                  "duration": 134,
                  "state": "passed",
                  "speed": "slow",
                  "pass": true,
                  "fail": false,
                  "pending": false,
                  "context": null,
                  "code": "cy.get('.main-content > .left-content').should('exist');",
                  "err": {},
                  "uuid": "afc09cec-64c2-40b6-be70-f6ced67c7e14",
                  "parentUUID": "2dd70517-b37f-46bb-a6fa-832f2f3f4939",
                  "isHook": false,
                  "skipped": false
                },
                {
                  "title": "A classe left-content deve ter uma largura de 800px",
                  "fullTitle": "Facebook Signup Crie um subcontainer com a classe left-content para colocar o conteúdo do lado esquerdo dentro do container com a classe main-content A classe left-content deve ter uma largura de 800px",
                  "timedOut": null,
                  "duration": 199,
                  "state": "passed",
                  "speed": "slow",
                  "pass": true,
                  "fail": false,
                  "pending": false,
                  "context": null,
                  "code": "cy.get('.main-content > .left-content').should('have.css', 'width', '800px');",
                  "err": {},
                  "uuid": "2435263d-1515-4c5d-94f2-ad4d018447cf",
                  "parentUUID": "2dd70517-b37f-46bb-a6fa-832f2f3f4939",
                  "isHook": false,
                  "skipped": false
                },
                {
                  "title": "Dentro do container com a classe left-content deve existir um parágrafo com id facebook-slogan e o texto \"O Facebook ajuda você a se conectar e compartilhar com as pessoas que fazem parte da sua vida.\"",
                  "fullTitle": "Facebook Signup Crie um subcontainer com a classe left-content para colocar o conteúdo do lado esquerdo dentro do container com a classe main-content Dentro do container com a classe left-content deve existir um parágrafo com id facebook-slogan e o texto \"O Facebook ajuda você a se conectar e compartilhar com as pessoas que fazem parte da sua vida.\"",
                  "timedOut": null,
                  "duration": 118,
                  "state": "passed",
                  "speed": "slow",
                  "pass": true,
                  "fail": false,
                  "pending": false,
                  "context": null,
                  "code": "cy.get('.main-content > .left-content #facebook-slogan').should('exist').contains(FACEBOOK_SLOGAN);",
                  "err": {},
                  "uuid": "7b88599b-a62a-484c-9472-692147fd1472",
                  "parentUUID": "2dd70517-b37f-46bb-a6fa-832f2f3f4939",
                  "isHook": false,
                  "skipped": false
                },
                {
                  "title": "Dentro do container com a classe left-content deve existir abaixo do parágrafo com id facebook-slogan uma imagem com id facebook-networking e o src com o endereço `imgs/networking.png`.",
                  "fullTitle": "Facebook Signup Crie um subcontainer com a classe left-content para colocar o conteúdo do lado esquerdo dentro do container com a classe main-content Dentro do container com a classe left-content deve existir abaixo do parágrafo com id facebook-slogan uma imagem com id facebook-networking e o src com o endereço `imgs/networking.png`.",
                  "timedOut": null,
                  "duration": 146,
                  "state": "passed",
                  "speed": "slow",
                  "pass": true,
                  "fail": false,
                  "pending": false,
                  "context": null,
                  "code": "cy.get('.main-content > .left-content img#facebook-networking').should('exist').should('have.attr', 'src', 'imgs/networking.png');\ncheckIsBelowOf(FACEBOOK_SLOGAN_SELECTOR, FACEBOOK_NETWORKING_IMG_SELECTOR);",
                  "err": {},
                  "uuid": "88c52953-9471-49f8-b4f5-13b139185dcb",
                  "parentUUID": "2dd70517-b37f-46bb-a6fa-832f2f3f4939",
                  "isHook": false,
                  "skipped": false
                }
              ],
              "suites": [],
              "passes": [
                "afc09cec-64c2-40b6-be70-f6ced67c7e14",
                "2435263d-1515-4c5d-94f2-ad4d018447cf",
                "7b88599b-a62a-484c-9472-692147fd1472",
                "88c52953-9471-49f8-b4f5-13b139185dcb"
              ],
              "failures": [],
              "pending": [],
              "skipped": [],
              "duration": 597,
              "root": false,
              "rootEmpty": false,
              "_timeout": 2000
            },
            {
              "uuid": "190785d4-1c1c-4c2f-81b4-6b0c31048a73",
              "title": "Crie um subcontainer com a classe right-content para colocar o conteúdo do lado direito dentro do container com a classe main-content",
              "fullFile": "",
              "file": "",
              "beforeHooks": [],
              "afterHooks": [],
              "tests": [
                {
                  "title": "O novo subcontainer deve ter a classe right-content",
                  "fullTitle": "Facebook Signup Crie um subcontainer com a classe right-content para colocar o conteúdo do lado direito dentro do container com a classe main-content O novo subcontainer deve ter a classe right-content",
                  "timedOut": null,
                  "duration": 125,
                  "state": "passed",
                  "speed": "slow",
                  "pass": true,
                  "fail": false,
                  "pending": false,
                  "context": null,
                  "code": "cy.get('.main-content > .right-content').should('exist');",
                  "err": {},
                  "uuid": "0f35f52f-82cb-472a-89b0-fb421499f1a6",
                  "parentUUID": "190785d4-1c1c-4c2f-81b4-6b0c31048a73",
                  "isHook": false,
                  "skipped": false
                },
                {
                  "title": "A classe right-content deve ter uma largura de 300px",
                  "fullTitle": "Facebook Signup Crie um subcontainer com a classe right-content para colocar o conteúdo do lado direito dentro do container com a classe main-content A classe right-content deve ter uma largura de 300px",
                  "timedOut": null,
                  "duration": 155,
                  "state": "passed",
                  "speed": "slow",
                  "pass": true,
                  "fail": false,
                  "pending": false,
                  "context": null,
                  "code": "cy.get('.main-content > .right-content').should('have.css', 'width', '300px');",
                  "err": {},
                  "uuid": "9132b42e-ac50-4f02-8db7-3483c2712d11",
                  "parentUUID": "190785d4-1c1c-4c2f-81b4-6b0c31048a73",
                  "isHook": false,
                  "skipped": false
                },
                {
                  "title": "Utilize na classe main-content a propriedade justify-content com o valor mais apropriado para alinhar os conteúdos",
                  "fullTitle": "Facebook Signup Crie um subcontainer com a classe right-content para colocar o conteúdo do lado direito dentro do container com a classe main-content Utilize na classe main-content a propriedade justify-content com o valor mais apropriado para alinhar os conteúdos",
                  "timedOut": null,
                  "duration": 153,
                  "state": "passed",
                  "speed": "slow",
                  "pass": true,
                  "fail": false,
                  "pending": false,
                  "context": null,
                  "code": "cy.get('.main-content').should('have.css', 'justify-content');",
                  "err": {},
                  "uuid": "58d0f167-4acc-4633-8817-67ecf5e8d021",
                  "parentUUID": "190785d4-1c1c-4c2f-81b4-6b0c31048a73",
                  "isHook": false,
                  "skipped": false
                },
                {
                  "title": "Dentro do subcontainer com a classe right-content deve existir um elemento h1 com o texto \"Abra uma conta\"",
                  "fullTitle": "Facebook Signup Crie um subcontainer com a classe right-content para colocar o conteúdo do lado direito dentro do container com a classe main-content Dentro do subcontainer com a classe right-content deve existir um elemento h1 com o texto \"Abra uma conta\"",
                  "timedOut": null,
                  "duration": 195,
                  "state": "passed",
                  "speed": "slow",
                  "pass": true,
                  "fail": false,
                  "pending": false,
                  "context": null,
                  "code": "cy.get('.main-content > .right-content h1').contains(OPEN_ACCOUNT_MESSAGE);",
                  "err": {},
                  "uuid": "a570019a-a6b8-41f3-9d51-f56c84c3384d",
                  "parentUUID": "190785d4-1c1c-4c2f-81b4-6b0c31048a73",
                  "isHook": false,
                  "skipped": false
                },
                {
                  "title": "Dentro do subcontainer com a classe right-content deve existir um elemento com a classe quick-easy com o texto \"É rápido e fácil.\" posicionado abaixo do texto \"Abra uma conta\"",
                  "fullTitle": "Facebook Signup Crie um subcontainer com a classe right-content para colocar o conteúdo do lado direito dentro do container com a classe main-content Dentro do subcontainer com a classe right-content deve existir um elemento com a classe quick-easy com o texto \"É rápido e fácil.\" posicionado abaixo do texto \"Abra uma conta\"",
                  "timedOut": null,
                  "duration": 118,
                  "state": "passed",
                  "speed": "slow",
                  "pass": true,
                  "fail": false,
                  "pending": false,
                  "context": null,
                  "code": "cy.get('.main-content > .right-content .quick-easy').should('exist').contains(QUICK_AND_SIMPLE_MESSAGE);\ncheckIsBelowOf('.main-content > .right-content h1', '.main-content > .right-content .quick-easy');",
                  "err": {},
                  "uuid": "eb9d0b76-dbac-45c2-93d7-e2d6cc82752d",
                  "parentUUID": "190785d4-1c1c-4c2f-81b4-6b0c31048a73",
                  "isHook": false,
                  "skipped": false
                },
                {
                  "title": "Dentro do subcontainer com a classe right-content deve existir um elemento form abaixo do texto \"É rápido e fácil.\"",
                  "fullTitle": "Facebook Signup Crie um subcontainer com a classe right-content para colocar o conteúdo do lado direito dentro do container com a classe main-content Dentro do subcontainer com a classe right-content deve existir um elemento form abaixo do texto \"É rápido e fácil.\"",
                  "timedOut": null,
                  "duration": 142,
                  "state": "passed",
                  "speed": "slow",
                  "pass": true,
                  "fail": false,
                  "pending": false,
                  "context": null,
                  "code": "cy.get('.main-content > .right-content form').should('exist');\ncheckIsBelowOf('.main-content > .right-content .quick-easy', '.main-content > .right-content form');",
                  "err": {},
                  "uuid": "a2f3b355-a96f-4a40-b25a-0c03aeda10cb",
                  "parentUUID": "190785d4-1c1c-4c2f-81b4-6b0c31048a73",
                  "isHook": false,
                  "skipped": false
                },
                {
                  "title": "O elemento com a classe right-content deve estar a direita do elemento com a classe left-content",
                  "fullTitle": "Facebook Signup Crie um subcontainer com a classe right-content para colocar o conteúdo do lado direito dentro do container com a classe main-content O elemento com a classe right-content deve estar a direita do elemento com a classe left-content",
                  "timedOut": null,
                  "duration": 147,
                  "state": "passed",
                  "speed": "slow",
                  "pass": true,
                  "fail": false,
                  "pending": false,
                  "context": null,
                  "code": "checkIsRightOf('.main-content > .left-content', '.main-content > .right-content');",
                  "err": {},
                  "uuid": "3df825af-10d0-4722-9344-c1c676449179",
                  "parentUUID": "190785d4-1c1c-4c2f-81b4-6b0c31048a73",
                  "isHook": false,
                  "skipped": false
                }
              ],
              "suites": [],
              "passes": [
                "0f35f52f-82cb-472a-89b0-fb421499f1a6",
                "9132b42e-ac50-4f02-8db7-3483c2712d11",
                "58d0f167-4acc-4633-8817-67ecf5e8d021",
                "a570019a-a6b8-41f3-9d51-f56c84c3384d",
                "eb9d0b76-dbac-45c2-93d7-e2d6cc82752d",
                "a2f3b355-a96f-4a40-b25a-0c03aeda10cb",
                "3df825af-10d0-4722-9344-c1c676449179"
              ],
              "failures": [],
              "pending": [],
              "skipped": [],
              "duration": 1035,
              "root": false,
              "rootEmpty": false,
              "_timeout": 2000
            },
            {
              "uuid": "72fffdaa-8915-46e3-82a5-16f08dac3504",
              "title": "Crie um campo de entrada de texto para o nome do usuário dentro do formulário criado no requisito 10",
              "fullFile": "",
              "file": "",
              "beforeHooks": [],
              "afterHooks": [],
              "tests": [
                {
                  "title": "O campo deve ter o atributo name com o valor \"firstname\"",
                  "fullTitle": "Facebook Signup Crie um campo de entrada de texto para o nome do usuário dentro do formulário criado no requisito 10 O campo deve ter o atributo name com o valor \"firstname\"",
                  "timedOut": null,
                  "duration": 127,
                  "state": "passed",
                  "speed": "slow",
                  "pass": true,
                  "fail": false,
                  "pending": false,
                  "context": null,
                  "code": "cy.get('.main-content form input[name=\"firstname\"]').should('exist');",
                  "err": {},
                  "uuid": "3395f0a3-b912-408c-8a7d-ddaf3129b952",
                  "parentUUID": "72fffdaa-8915-46e3-82a5-16f08dac3504",
                  "isHook": false,
                  "skipped": false
                },
                {
                  "title": "O campo deve ter um placeholder com o valor \"Nome\"",
                  "fullTitle": "Facebook Signup Crie um campo de entrada de texto para o nome do usuário dentro do formulário criado no requisito 10 O campo deve ter um placeholder com o valor \"Nome\"",
                  "timedOut": null,
                  "duration": 144,
                  "state": "passed",
                  "speed": "slow",
                  "pass": true,
                  "fail": false,
                  "pending": false,
                  "context": null,
                  "code": "cy.get('.main-content form input[name=\"firstname\"]').should('have.attr', 'placeholder', 'Nome');",
                  "err": {},
                  "uuid": "fac5a7ff-1302-48e5-8bf5-0dee7e5a5ce3",
                  "parentUUID": "72fffdaa-8915-46e3-82a5-16f08dac3504",
                  "isHook": false,
                  "skipped": false
                }
              ],
              "suites": [],
              "passes": [
                "3395f0a3-b912-408c-8a7d-ddaf3129b952",
                "fac5a7ff-1302-48e5-8bf5-0dee7e5a5ce3"
              ],
              "failures": [],
              "pending": [],
              "skipped": [],
              "duration": 271,
              "root": false,
              "rootEmpty": false,
              "_timeout": 2000
            },
            {
              "uuid": "7cf136c4-048b-40f4-8c4f-18d3b944106d",
              "title": "Crie um campo de entrada de texto para o sobrenome do usuário dentro do formulário criado no requisito 10",
              "fullFile": "",
              "file": "",
              "beforeHooks": [],
              "afterHooks": [],
              "tests": [
                {
                  "title": "O campo deve ter o atributo name com o valor \"lastname\"",
                  "fullTitle": "Facebook Signup Crie um campo de entrada de texto para o sobrenome do usuário dentro do formulário criado no requisito 10 O campo deve ter o atributo name com o valor \"lastname\"",
                  "timedOut": null,
                  "duration": 337,
                  "state": "passed",
                  "speed": "slow",
                  "pass": true,
                  "fail": false,
                  "pending": false,
                  "context": null,
                  "code": "cy.get('.main-content form input[name=\"lastname\"]').should('exist');",
                  "err": {},
                  "uuid": "6b857163-8971-479e-8066-23b60b8715ff",
                  "parentUUID": "7cf136c4-048b-40f4-8c4f-18d3b944106d",
                  "isHook": false,
                  "skipped": false
                },
                {
                  "title": "O campo deve ter um placeholder com o valor \"Sobrenome\"",
                  "fullTitle": "Facebook Signup Crie um campo de entrada de texto para o sobrenome do usuário dentro do formulário criado no requisito 10 O campo deve ter um placeholder com o valor \"Sobrenome\"",
                  "timedOut": null,
                  "duration": 110,
                  "state": "passed",
                  "speed": "slow",
                  "pass": true,
                  "fail": false,
                  "pending": false,
                  "context": null,
                  "code": "cy.get('.main-content form input[name=\"lastname\"]').should('have.attr', 'placeholder', 'Sobrenome');",
                  "err": {},
                  "uuid": "2b6b7a9f-785d-4bc5-9bb8-fc4417b2218b",
                  "parentUUID": "7cf136c4-048b-40f4-8c4f-18d3b944106d",
                  "isHook": false,
                  "skipped": false
                },
                {
                  "title": "Esse campo deve estar alinhado a direita do campo de Nome",
                  "fullTitle": "Facebook Signup Crie um campo de entrada de texto para o sobrenome do usuário dentro do formulário criado no requisito 10 Esse campo deve estar alinhado a direita do campo de Nome",
                  "timedOut": null,
                  "duration": 146,
                  "state": "passed",
                  "speed": "slow",
                  "pass": true,
                  "fail": false,
                  "pending": false,
                  "context": null,
                  "code": "checkIsRightOf('.main-content form input[name=\"firstname\"]', '.main-content form input[name=\"lastname\"]');",
                  "err": {},
                  "uuid": "f4a3f05e-d829-4fcd-b31d-bf60dbdf46b9",
                  "parentUUID": "7cf136c4-048b-40f4-8c4f-18d3b944106d",
                  "isHook": false,
                  "skipped": false
                }
              ],
              "suites": [],
              "passes": [
                "6b857163-8971-479e-8066-23b60b8715ff",
                "2b6b7a9f-785d-4bc5-9bb8-fc4417b2218b",
                "f4a3f05e-d829-4fcd-b31d-bf60dbdf46b9"
              ],
              "failures": [],
              "pending": [],
              "skipped": [],
              "duration": 593,
              "root": false,
              "rootEmpty": false,
              "_timeout": 2000
            },
            {
              "uuid": "c6af6f01-3c7c-44b1-b8b4-e55b249b11b5",
              "title": "Crie um campo de entrada de texto para o celular ou email do usuário dentro do formulário criado no requisito 10",
              "fullFile": "",
              "file": "",
              "beforeHooks": [],
              "afterHooks": [],
              "tests": [
                {
                  "title": "O campo deve ter o atributo name com o valor \"phone_email\"",
                  "fullTitle": "Facebook Signup Crie um campo de entrada de texto para o celular ou email do usuário dentro do formulário criado no requisito 10 O campo deve ter o atributo name com o valor \"phone_email\"",
                  "timedOut": null,
                  "duration": 126,
                  "state": "passed",
                  "speed": "slow",
                  "pass": true,
                  "fail": false,
                  "pending": false,
                  "context": null,
                  "code": "cy.get('.main-content form input[name=\"phone_email\"]').should('exist');",
                  "err": {},
                  "uuid": "2adae41c-01ee-4f61-9ebb-52f7826636af",
                  "parentUUID": "c6af6f01-3c7c-44b1-b8b4-e55b249b11b5",
                  "isHook": false,
                  "skipped": false
                },
                {
                  "title": "O campo deve ter um placeholder com o valor \"Celular ou email\"",
                  "fullTitle": "Facebook Signup Crie um campo de entrada de texto para o celular ou email do usuário dentro do formulário criado no requisito 10 O campo deve ter um placeholder com o valor \"Celular ou email\"",
                  "timedOut": null,
                  "duration": 145,
                  "state": "passed",
                  "speed": "slow",
                  "pass": true,
                  "fail": false,
                  "pending": false,
                  "context": null,
                  "code": "cy.get('.main-content form input[name=\"phone_email\"]').should('have.attr', 'placeholder', 'Celular ou email');",
                  "err": {},
                  "uuid": "28bfaa68-4e63-4065-bdc0-8ec5777063dc",
                  "parentUUID": "c6af6f01-3c7c-44b1-b8b4-e55b249b11b5",
                  "isHook": false,
                  "skipped": false
                },
                {
                  "title": "Posicione esse campo abaixo do campo do nome do usuário",
                  "fullTitle": "Facebook Signup Crie um campo de entrada de texto para o celular ou email do usuário dentro do formulário criado no requisito 10 Posicione esse campo abaixo do campo do nome do usuário",
                  "timedOut": null,
                  "duration": 169,
                  "state": "passed",
                  "speed": "slow",
                  "pass": true,
                  "fail": false,
                  "pending": false,
                  "context": null,
                  "code": "checkIsBelowOf('.main-content form input[name=\"firstname\"]', '.main-content form input[name=\"phone_email\"]');",
                  "err": {},
                  "uuid": "6d9c80ad-b94a-4706-93a8-d5b1b7592bd2",
                  "parentUUID": "c6af6f01-3c7c-44b1-b8b4-e55b249b11b5",
                  "isHook": false,
                  "skipped": false
                }
              ],
              "suites": [],
              "passes": [
                "2adae41c-01ee-4f61-9ebb-52f7826636af",
                "28bfaa68-4e63-4065-bdc0-8ec5777063dc",
                "6d9c80ad-b94a-4706-93a8-d5b1b7592bd2"
              ],
              "failures": [],
              "pending": [],
              "skipped": [],
              "duration": 440,
              "root": false,
              "rootEmpty": false,
              "_timeout": 2000
            },
            {
              "uuid": "5a4c0f7c-2f43-4dfd-9855-7867ec8c2711",
              "title": "Crie um campo de entrada para senha do usuário dentro do formulário criado no requisito 10",
              "fullFile": "",
              "file": "",
              "beforeHooks": [],
              "afterHooks": [],
              "tests": [
                {
                  "title": "O campo deve ter o atributo name com o valor \"password\"",
                  "fullTitle": "Facebook Signup Crie um campo de entrada para senha do usuário dentro do formulário criado no requisito 10 O campo deve ter o atributo name com o valor \"password\"",
                  "timedOut": null,
                  "duration": 174,
                  "state": "passed",
                  "speed": "slow",
                  "pass": true,
                  "fail": false,
                  "pending": false,
                  "context": null,
                  "code": "cy.get('.main-content form input[name=\"password\"]').should('exist');",
                  "err": {},
                  "uuid": "2233f0d0-d1f5-4555-907b-37148776fa54",
                  "parentUUID": "5a4c0f7c-2f43-4dfd-9855-7867ec8c2711",
                  "isHook": false,
                  "skipped": false
                },
                {
                  "title": "O campo deve ser do tipo \"password\"",
                  "fullTitle": "Facebook Signup Crie um campo de entrada para senha do usuário dentro do formulário criado no requisito 10 O campo deve ser do tipo \"password\"",
                  "timedOut": null,
                  "duration": 159,
                  "state": "passed",
                  "speed": "slow",
                  "pass": true,
                  "fail": false,
                  "pending": false,
                  "context": null,
                  "code": "cy.get('.main-content form input[name=\"password\"]').should('have.attr', 'type', 'password');",
                  "err": {},
                  "uuid": "3a065869-1362-4da9-a088-230ffb011fa2",
                  "parentUUID": "5a4c0f7c-2f43-4dfd-9855-7867ec8c2711",
                  "isHook": false,
                  "skipped": false
                },
                {
                  "title": "O campo deve ter um placeholder com o valor \"Nova senha\"",
                  "fullTitle": "Facebook Signup Crie um campo de entrada para senha do usuário dentro do formulário criado no requisito 10 O campo deve ter um placeholder com o valor \"Nova senha\"",
                  "timedOut": null,
                  "duration": 118,
                  "state": "passed",
                  "speed": "slow",
                  "pass": true,
                  "fail": false,
                  "pending": false,
                  "context": null,
                  "code": "cy.get('.main-content form input[name=\"password\"]').should('have.attr', 'placeholder', 'Nova senha');",
                  "err": {},
                  "uuid": "a6714a2d-a4b7-4897-a3e3-9a22d78aa793",
                  "parentUUID": "5a4c0f7c-2f43-4dfd-9855-7867ec8c2711",
                  "isHook": false,
                  "skipped": false
                },
                {
                  "title": "Posicione esse campo abaixo do celular/email",
                  "fullTitle": "Facebook Signup Crie um campo de entrada para senha do usuário dentro do formulário criado no requisito 10 Posicione esse campo abaixo do celular/email",
                  "timedOut": null,
                  "duration": 131,
                  "state": "passed",
                  "speed": "slow",
                  "pass": true,
                  "fail": false,
                  "pending": false,
                  "context": null,
                  "code": "checkIsBelowOf('.main-content form input[name=\"phone_email\"]', '.main-content form input[name=\"password\"]');",
                  "err": {},
                  "uuid": "20b8d3af-c844-4697-9d4d-3944b87e4749",
                  "parentUUID": "5a4c0f7c-2f43-4dfd-9855-7867ec8c2711",
                  "isHook": false,
                  "skipped": false
                }
              ],
              "suites": [],
              "passes": [
                "2233f0d0-d1f5-4555-907b-37148776fa54",
                "3a065869-1362-4da9-a088-230ffb011fa2",
                "a6714a2d-a4b7-4897-a3e3-9a22d78aa793",
                "20b8d3af-c844-4697-9d4d-3944b87e4749"
              ],
              "failures": [],
              "pending": [],
              "skipped": [],
              "duration": 582,
              "root": false,
              "rootEmpty": false,
              "_timeout": 2000
            },
            {
              "uuid": "5a83a924-6d30-4141-af66-7369f0ba4a8a",
              "title": "Crie um campo de entrada para data de nascimento do usuário dentro do formulário criado no requisito 10",
              "fullFile": "",
              "file": "",
              "beforeHooks": [],
              "afterHooks": [],
              "tests": [
                {
                  "title": "Um rótulo abaixo do campo nova senha com o id label-birthdate e o texto \"Data de nascimento\" ",
                  "fullTitle": "Facebook Signup Crie um campo de entrada para data de nascimento do usuário dentro do formulário criado no requisito 10 Um rótulo abaixo do campo nova senha com o id label-birthdate e o texto \"Data de nascimento\" ",
                  "timedOut": null,
                  "duration": 131,
                  "state": "passed",
                  "speed": "slow",
                  "pass": true,
                  "fail": false,
                  "pending": false,
                  "context": null,
                  "code": "cy.get('.main-content form label#label-birthdate').contains(BIRTHDATE_TITLE);",
                  "err": {},
                  "uuid": "9a7e4d29-ec57-4368-b8b6-78f3abf95e8e",
                  "parentUUID": "5a83a924-6d30-4141-af66-7369f0ba4a8a",
                  "isHook": false,
                  "skipped": false
                },
                {
                  "title": "O campo deve ter o atributo name com o valor \"birthdate\"",
                  "fullTitle": "Facebook Signup Crie um campo de entrada para data de nascimento do usuário dentro do formulário criado no requisito 10 O campo deve ter o atributo name com o valor \"birthdate\"",
                  "timedOut": null,
                  "duration": 181,
                  "state": "passed",
                  "speed": "slow",
                  "pass": true,
                  "fail": false,
                  "pending": false,
                  "context": null,
                  "code": "cy.get('.main-content form input[name=\"birthdate\"]').should('exist');",
                  "err": {},
                  "uuid": "7f56f5f3-36d3-4d5e-a604-88b61b56be4f",
                  "parentUUID": "5a83a924-6d30-4141-af66-7369f0ba4a8a",
                  "isHook": false,
                  "skipped": false
                },
                {
                  "title": "O campo deve ter um placeholder com o valor \"dd/mm/aaaa\"",
                  "fullTitle": "Facebook Signup Crie um campo de entrada para data de nascimento do usuário dentro do formulário criado no requisito 10 O campo deve ter um placeholder com o valor \"dd/mm/aaaa\"",
                  "timedOut": null,
                  "duration": 120,
                  "state": "passed",
                  "speed": "slow",
                  "pass": true,
                  "fail": false,
                  "pending": false,
                  "context": null,
                  "code": "cy.get('.main-content form input[name=\"birthdate\"]').should('have.attr', 'placeholder', 'dd/mm/aaaa');",
                  "err": {},
                  "uuid": "c01e36b5-ca44-43f7-aee9-b11f83e4d926",
                  "parentUUID": "5a83a924-6d30-4141-af66-7369f0ba4a8a",
                  "isHook": false,
                  "skipped": false
                },
                {
                  "title": "Posicione esse campo abaixo do rótulo",
                  "fullTitle": "Facebook Signup Crie um campo de entrada para data de nascimento do usuário dentro do formulário criado no requisito 10 Posicione esse campo abaixo do rótulo",
                  "timedOut": null,
                  "duration": 135,
                  "state": "passed",
                  "speed": "slow",
                  "pass": true,
                  "fail": false,
                  "pending": false,
                  "context": null,
                  "code": "checkIsBelowOf('.main-content form label#label-birthdate', '.main-content form input[name=\"birthdate\"]');",
                  "err": {},
                  "uuid": "c2538bd0-e68b-4c17-a87f-2a330bbb3161",
                  "parentUUID": "5a83a924-6d30-4141-af66-7369f0ba4a8a",
                  "isHook": false,
                  "skipped": false
                }
              ],
              "suites": [],
              "passes": [
                "9a7e4d29-ec57-4368-b8b6-78f3abf95e8e",
                "7f56f5f3-36d3-4d5e-a604-88b61b56be4f",
                "c01e36b5-ca44-43f7-aee9-b11f83e4d926",
                "c2538bd0-e68b-4c17-a87f-2a330bbb3161"
              ],
              "failures": [],
              "pending": [],
              "skipped": [],
              "duration": 567,
              "root": false,
              "rootEmpty": false,
              "_timeout": 2000
            },
            {
              "uuid": "648d34cb-ab03-4c0a-bd59-3fe516c4729c",
              "title": "Crie um campo de entrada para gênero do usuário dentro do formulário criado no requisito 10",
              "fullFile": "",
              "file": "",
              "beforeHooks": [],
              "afterHooks": [],
              "tests": [
                {
                  "title": "Um rótulo abaixo do campo nova senha com o id label-gender e o texto \"Gênero\" ",
                  "fullTitle": "Facebook Signup Crie um campo de entrada para gênero do usuário dentro do formulário criado no requisito 10 Um rótulo abaixo do campo nova senha com o id label-gender e o texto \"Gênero\" ",
                  "timedOut": null,
                  "duration": 125,
                  "state": "passed",
                  "speed": "slow",
                  "pass": true,
                  "fail": false,
                  "pending": false,
                  "context": null,
                  "code": "cy.get('.main-content form label#label-gender').contains(GENDER_TITLE);",
                  "err": {},
                  "uuid": "3722e482-aa23-4ca5-a83a-72fdfcdd594f",
                  "parentUUID": "648d34cb-ab03-4c0a-bd59-3fe516c4729c",
                  "isHook": false,
                  "skipped": false
                },
                {
                  "title": "O campo deve ser formado por três `radio buttons` com as opções \"Feminino\", \"Masculino\" e \"Personalizado\"",
                  "fullTitle": "Facebook Signup Crie um campo de entrada para gênero do usuário dentro do formulário criado no requisito 10 O campo deve ser formado por três `radio buttons` com as opções \"Feminino\", \"Masculino\" e \"Personalizado\"",
                  "timedOut": null,
                  "duration": 123,
                  "state": "passed",
                  "speed": "slow",
                  "pass": true,
                  "fail": false,
                  "pending": false,
                  "context": null,
                  "code": "cy.get(\"input[type='radio']\").should(function ($radios) {\n  expect($radios).to.have.length(GENRES.length);\n  $radios.each(function (index, radio) {\n    expect(Cypress.$(radio).val()).to.equal(GENRES[index]);\n  });\n});",
                  "err": {},
                  "uuid": "d00ccab7-dd52-495f-8b03-786a41f9a805",
                  "parentUUID": "648d34cb-ab03-4c0a-bd59-3fe516c4729c",
                  "isHook": false,
                  "skipped": false
                },
                {
                  "title": "Posicione os radio buttons para ficar na mesma linha",
                  "fullTitle": "Facebook Signup Crie um campo de entrada para gênero do usuário dentro do formulário criado no requisito 10 Posicione os radio buttons para ficar na mesma linha",
                  "timedOut": null,
                  "duration": 154,
                  "state": "passed",
                  "speed": "slow",
                  "pass": true,
                  "fail": false,
                  "pending": false,
                  "context": null,
                  "code": "var topOptions = [];\ncy.get(\"input[type='radio']\").should(function ($radios) {\n  $radios.each(function (index, radio) {\n    topOptions.push(radio.getBoundingClientRect()[\"top\"]);\n  });\n  expect((0, _toConsumableArray2[\"default\"])(new Set(topOptions)).length).to.equal(1);\n});",
                  "err": {},
                  "uuid": "98aac377-3e86-450b-b08d-edb4cdc7e125",
                  "parentUUID": "648d34cb-ab03-4c0a-bd59-3fe516c4729c",
                  "isHook": false,
                  "skipped": false
                },
                {
                  "title": "Posicione os radio buttons para ficar abaixo do label",
                  "fullTitle": "Facebook Signup Crie um campo de entrada para gênero do usuário dentro do formulário criado no requisito 10 Posicione os radio buttons para ficar abaixo do label",
                  "timedOut": null,
                  "duration": 169,
                  "state": "passed",
                  "speed": "slow",
                  "pass": true,
                  "fail": false,
                  "pending": false,
                  "context": null,
                  "code": "cy.document().then(function (doc) {\n  var topOptions = [];\n  var topLabel = evaluateOffset(doc, '.main-content form label#label-gender', 'top');\n  var heightLabel = evaluateOffset(doc, '.main-content form label#label-gender', 'height');\n  cy.get(\"input[type='radio']\").should(function ($radios) {\n    $radios.each(function (index, radio) {\n      topOptions.push(radio.getBoundingClientRect()[\"top\"]);\n    });\n    expect((0, _toConsumableArray2[\"default\"])(new Set(topOptions))[0] > topLabel + heightLabel).to.equal(true);\n  });\n});",
                  "err": {},
                  "uuid": "0cc6e1df-7d9f-48e3-a23b-193fe0bb2148",
                  "parentUUID": "648d34cb-ab03-4c0a-bd59-3fe516c4729c",
                  "isHook": false,
                  "skipped": false
                }
              ],
              "suites": [],
              "passes": [
                "3722e482-aa23-4ca5-a83a-72fdfcdd594f",
                "d00ccab7-dd52-495f-8b03-786a41f9a805",
                "98aac377-3e86-450b-b08d-edb4cdc7e125",
                "0cc6e1df-7d9f-48e3-a23b-193fe0bb2148"
              ],
              "failures": [],
              "pending": [],
              "skipped": [],
              "duration": 571,
              "root": false,
              "rootEmpty": false,
              "_timeout": 2000
            },
            {
              "uuid": "f0de8913-936e-46e2-b064-4728bbc96698",
              "title": "Crie um botão para finalizar o cadastro dentro do formulário criado no requisito 10",
              "fullFile": "",
              "file": "",
              "beforeHooks": [],
              "afterHooks": [],
              "tests": [
                {
                  "title": "Um botão com o texto \"Cadastre-se\" e id \"facebook-register\"",
                  "fullTitle": "Facebook Signup Crie um botão para finalizar o cadastro dentro do formulário criado no requisito 10 Um botão com o texto \"Cadastre-se\" e id \"facebook-register\"",
                  "timedOut": null,
                  "duration": 119,
                  "state": "passed",
                  "speed": "slow",
                  "pass": true,
                  "fail": false,
                  "pending": false,
                  "context": null,
                  "code": "cy.get(REGISTER_BUTTON_SELECTOR).should('exist').should('have.text', 'Cadastre-se');",
                  "err": {},
                  "uuid": "0342e8a5-4610-4827-9a1c-74901b68c681",
                  "parentUUID": "f0de8913-936e-46e2-b064-4728bbc96698",
                  "isHook": false,
                  "skipped": false
                },
                {
                  "title": "Deve ter a propriedade type igual a submit",
                  "fullTitle": "Facebook Signup Crie um botão para finalizar o cadastro dentro do formulário criado no requisito 10 Deve ter a propriedade type igual a submit",
                  "timedOut": null,
                  "duration": 143,
                  "state": "passed",
                  "speed": "slow",
                  "pass": true,
                  "fail": false,
                  "pending": false,
                  "context": null,
                  "code": "cy.get(REGISTER_BUTTON_SELECTOR).should('have.attr', 'type').should('equal', 'submit');",
                  "err": {},
                  "uuid": "b3d07fc4-415f-422c-8102-736701261517",
                  "parentUUID": "f0de8913-936e-46e2-b064-4728bbc96698",
                  "isHook": false,
                  "skipped": false
                }
              ],
              "suites": [],
              "passes": [
                "0342e8a5-4610-4827-9a1c-74901b68c681",
                "b3d07fc4-415f-422c-8102-736701261517"
              ],
              "failures": [],
              "pending": [],
              "skipped": [],
              "duration": 262,
              "root": false,
              "rootEmpty": false,
              "_timeout": 2000
            },
            {
              "uuid": "b512f671-96e0-4dc2-99fc-87721ea77deb",
              "title": "Validar se todos os campos foram preenchidos ao clicar no botão \"Cadastre-se\"",
              "fullFile": "",
              "file": "",
              "beforeHooks": [],
              "afterHooks": [],
              "tests": [
                {
                  "title": "Exibir uma mensagem \"Campos inválidos\" dentro do formulário caso pelo menos um campo não esteja preenchido",
                  "fullTitle": "Facebook Signup Validar se todos os campos foram preenchidos ao clicar no botão \"Cadastre-se\" Exibir uma mensagem \"Campos inválidos\" dentro do formulário caso pelo menos um campo não esteja preenchido",
                  "timedOut": null,
                  "duration": 583,
                  "state": "passed",
                  "speed": "slow",
                  "pass": true,
                  "fail": false,
                  "pending": false,
                  "context": null,
                  "code": "cy.get('input[name=\"firstname\"]').type(\"John\");\ncy.get('input[name=\"lastname\"]').type(\"Doe\");\ncy.get(REGISTER_BUTTON_SELECTOR).click();\ncy.get('.main-content form').contains('Campos inválidos');",
                  "err": {},
                  "uuid": "65d1180b-7884-4035-b9be-3643b16571a9",
                  "parentUUID": "b512f671-96e0-4dc2-99fc-87721ea77deb",
                  "isHook": false,
                  "skipped": false
                }
              ],
              "suites": [],
              "passes": [
                "65d1180b-7884-4035-b9be-3643b16571a9"
              ],
              "failures": [],
              "pending": [],
              "skipped": [],
              "duration": 583,
              "root": false,
              "rootEmpty": false,
              "_timeout": 2000
            },
            {
              "uuid": "a864f2cc-92e7-4186-9f12-5d3340c37d34",
              "title": "Adicione um novo campo de texto no formulário se a pessoa usuária selecionar a opção \"Personalizado\" no campo Gênero",
              "fullFile": "",
              "file": "",
              "beforeHooks": [],
              "afterHooks": [],
              "tests": [
                {
                  "title": "O novo campo dever ser uma campo de texto com o atributo name \"gender-custom\" e um placeholder \"Gênero (opcional)\"",
                  "fullTitle": "Facebook Signup Adicione um novo campo de texto no formulário se a pessoa usuária selecionar a opção \"Personalizado\" no campo Gênero O novo campo dever ser uma campo de texto com o atributo name \"gender-custom\" e um placeholder \"Gênero (opcional)\"",
                  "timedOut": null,
                  "duration": 369,
                  "state": "passed",
                  "speed": "slow",
                  "pass": true,
                  "fail": false,
                  "pending": false,
                  "context": null,
                  "code": "cy.get('input[name=\"gender-custom\"]').should('exist');",
                  "err": {},
                  "uuid": "34d6eb2e-8364-4651-8dd1-08b1c258a96a",
                  "parentUUID": "a864f2cc-92e7-4186-9f12-5d3340c37d34",
                  "isHook": false,
                  "skipped": false
                },
                {
                  "title": "O novo campo deve estar posicionado entre as opções de gênero e o botão \"Cadastrar-se\"",
                  "fullTitle": "Facebook Signup Adicione um novo campo de texto no formulário se a pessoa usuária selecionar a opção \"Personalizado\" no campo Gênero O novo campo deve estar posicionado entre as opções de gênero e o botão \"Cadastrar-se\"",
                  "timedOut": null,
                  "duration": 243,
                  "state": "passed",
                  "speed": "slow",
                  "pass": true,
                  "fail": false,
                  "pending": false,
                  "context": null,
                  "code": "checkIsBelowOf('input[name=\"gender\"]', 'input[name=\"gender-custom\"]');\ncheckIsBelowOf('input[name=\"gender-custom\"]', REGISTER_BUTTON_SELECTOR);",
                  "err": {},
                  "uuid": "951d4f84-9992-4d4e-a5cc-1c6ef11cf39b",
                  "parentUUID": "a864f2cc-92e7-4186-9f12-5d3340c37d34",
                  "isHook": false,
                  "skipped": false
                }
              ],
              "suites": [],
              "passes": [
                "34d6eb2e-8364-4651-8dd1-08b1c258a96a",
                "951d4f84-9992-4d4e-a5cc-1c6ef11cf39b"
              ],
              "failures": [],
              "pending": [],
              "skipped": [],
              "duration": 612,
              "root": false,
              "rootEmpty": false,
              "_timeout": 2000
            },
            {
              "uuid": "f968cfb8-a0c3-42ec-a8a1-2d02a28dba24",
              "title": "Substituir o conteúdo do container com a classe right-content se o formulário estiver completamente preenchido e validado",
              "fullFile": "",
              "file": "",
              "beforeHooks": [],
              "afterHooks": [],
              "tests": [
                {
                  "title": "Deve haver um texto no modelo \"Olá, Jonh Doe\" (substitua John Doe pelo nome e sobrenome preenchido no formulário)",
                  "fullTitle": "Facebook Signup Substituir o conteúdo do container com a classe right-content se o formulário estiver completamente preenchido e validado Deve haver um texto no modelo \"Olá, Jonh Doe\" (substitua John Doe pelo nome e sobrenome preenchido no formulário)",
                  "timedOut": null,
                  "duration": 1035,
                  "state": "failed",
                  "speed": null,
                  "pass": false,
                  "fail": true,
                  "pending": false,
                  "context": null,
                  "code": "cy.get('.main-content .right-content').contains(\"Ol\\xE1, \".concat(firstname, \" \").concat(lastname));",
                  "err": {
                    "message": "CypressError: cy.type() can only be called on a single element. Your subject contained 2 elements.\n\nBecause this error occurred during a 'before each' hook we are skipping the remaining tests in the current suite: 'Substituir o conteúdo do co...'",
                    "estack": "CypressError: cy.type() can only be called on a single element. Your subject contained 2 elements.\n\nBecause this error occurred during a 'before each' hook we are skipping the remaining tests in the current suite: 'Substituir o conteúdo do co...'\n    at cypressErr (http://localhost:45161/__cypress/runner/cypress_runner.js:138036:9)\n    at throwErr (http://localhost:45161/__cypress/runner/cypress_runner.js:137969:11)\n    at Object.throwErrByPath (http://localhost:45161/__cypress/runner/cypress_runner.js:138017:3)\n    at Context.type (http://localhost:45161/__cypress/runner/cypress_runner.js:123319:17)\n    at Context.<anonymous> (http://localhost:45161/__cypress/runner/cypress_runner.js:136977:21)\n    at http://localhost:45161/__cypress/runner/cypress_runner.js:136453:33\n    at tryCatcher (http://localhost:45161/__cypress/runner/cypress_runner.js:164895:23)\n    at Promise._settlePromiseFromHandler (http://localhost:45161/__cypress/runner/cypress_runner.js:162831:31)\n    at Promise._settlePromise (http://localhost:45161/__cypress/runner/cypress_runner.js:162888:18)\n    at Promise._settlePromiseCtx (http://localhost:45161/__cypress/runner/cypress_runner.js:162925:10)\n    at Async../node_modules/bluebird/js/release/async.js.Async._drainQueue (http://localhost:45161/__cypress/runner/cypress_runner.js:159625:12)\n    at Async../node_modules/bluebird/js/release/async.js.Async._drainQueues (http://localhost:45161/__cypress/runner/cypress_runner.js:159630:10)\n    at Async.drainQueues (http://localhost:45161/__cypress/runner/cypress_runner.js:159504:14)",
                    "diff": null
                  },
                  "uuid": "4629beee-e5c1-40c7-a6be-84606219d834",
                  "parentUUID": "f968cfb8-a0c3-42ec-a8a1-2d02a28dba24",
                  "isHook": false,
                  "skipped": false
                },
                {
                  "title": "Exibir o e-mail ou telefone",
                  "fullTitle": "Facebook Signup Substituir o conteúdo do container com a classe right-content se o formulário estiver completamente preenchido e validado Exibir o e-mail ou telefone",
                  "timedOut": null,
                  "duration": 0,
                  "state": "skipped",
                  "speed": null,
                  "pass": false,
                  "fail": false,
                  "pending": false,
                  "context": null,
                  "code": "cy.get('.main-content .right-content').contains(phoneEmail);",
                  "err": {},
                  "uuid": "c3e983d1-c1b7-42cc-9cab-688711512e85",
                  "parentUUID": "f968cfb8-a0c3-42ec-a8a1-2d02a28dba24",
                  "isHook": false,
                  "skipped": true
                },
                {
                  "title": "Não exibir a senha",
                  "fullTitle": "Facebook Signup Substituir o conteúdo do container com a classe right-content se o formulário estiver completamente preenchido e validado Não exibir a senha",
                  "timedOut": null,
                  "duration": 0,
                  "state": "skipped",
                  "speed": null,
                  "pass": false,
                  "fail": false,
                  "pending": false,
                  "context": null,
                  "code": "cy.get('.main-content .right-content').should('not.contain', password);",
                  "err": {},
                  "uuid": "b123dc74-23be-4c5f-a85f-cc07c19d67ef",
                  "parentUUID": "f968cfb8-a0c3-42ec-a8a1-2d02a28dba24",
                  "isHook": false,
                  "skipped": true
                },
                {
                  "title": "Exibir a data de nascimento",
                  "fullTitle": "Facebook Signup Substituir o conteúdo do container com a classe right-content se o formulário estiver completamente preenchido e validado Exibir a data de nascimento",
                  "timedOut": null,
                  "duration": 0,
                  "state": "skipped",
                  "speed": null,
                  "pass": false,
                  "fail": false,
                  "pending": false,
                  "context": null,
                  "code": "cy.get('.main-content .right-content').contains(birthdate);",
                  "err": {},
                  "uuid": "6f8be949-da56-4cd9-a70d-d02a435a9a78",
                  "parentUUID": "f968cfb8-a0c3-42ec-a8a1-2d02a28dba24",
                  "isHook": false,
                  "skipped": true
                },
                {
                  "title": "Caso a opção selecionada no campo Gênero seja Feminino exibir \"Feminino\"",
                  "fullTitle": "Facebook Signup Substituir o conteúdo do container com a classe right-content se o formulário estiver completamente preenchido e validado Caso a opção selecionada no campo Gênero seja Feminino exibir \"Feminino\"",
                  "timedOut": null,
                  "duration": 0,
                  "state": "skipped",
                  "speed": null,
                  "pass": false,
                  "fail": false,
                  "pending": false,
                  "context": null,
                  "code": "fillForm();\ncy.get('input[name=\"gender\"]').check('Feminino');\ncy.get(REGISTER_BUTTON_SELECTOR).click();\ncy.get('.main-content .right-content').contains('Feminino');",
                  "err": {},
                  "uuid": "a2a3e783-4003-444f-afb2-3ce62dcc446e",
                  "parentUUID": "f968cfb8-a0c3-42ec-a8a1-2d02a28dba24",
                  "isHook": false,
                  "skipped": true
                },
                {
                  "title": "Caso a opção selecionada no campo Gênero seja Masculino exibir \"Masculino\"",
                  "fullTitle": "Facebook Signup Substituir o conteúdo do container com a classe right-content se o formulário estiver completamente preenchido e validado Caso a opção selecionada no campo Gênero seja Masculino exibir \"Masculino\"",
                  "timedOut": null,
                  "duration": 0,
                  "state": "skipped",
                  "speed": null,
                  "pass": false,
                  "fail": false,
                  "pending": false,
                  "context": null,
                  "code": "fillForm();\ncy.get('input[name=\"gender\"]').check('Masculino');\ncy.get(REGISTER_BUTTON_SELECTOR).click();\ncy.get('.main-content .right-content').contains('Masculino');",
                  "err": {},
                  "uuid": "2b7ef54d-5005-479e-b95d-c3e739fc76b8",
                  "parentUUID": "f968cfb8-a0c3-42ec-a8a1-2d02a28dba24",
                  "isHook": false,
                  "skipped": true
                },
                {
                  "title": "Caso a opção selecionada no campo Gênero seja Personalizado exibir \"Personalizado\"",
                  "fullTitle": "Facebook Signup Substituir o conteúdo do container com a classe right-content se o formulário estiver completamente preenchido e validado Caso a opção selecionada no campo Gênero seja Personalizado exibir \"Personalizado\"",
                  "timedOut": null,
                  "duration": 0,
                  "state": "skipped",
                  "speed": null,
                  "pass": false,
                  "fail": false,
                  "pending": false,
                  "context": null,
                  "code": "fillForm();\ncy.get('input[name=\"gender\"]').check('Personalizado');\ncy.get(REGISTER_BUTTON_SELECTOR).click();\ncy.get('.main-content .right-content').contains('Personalizado');",
                  "err": {},
                  "uuid": "3bc53485-014b-4b5d-95d7-6047fc3b1be9",
                  "parentUUID": "f968cfb8-a0c3-42ec-a8a1-2d02a28dba24",
                  "isHook": false,
                  "skipped": true
                }
              ],
              "suites": [],
              "passes": [],
              "failures": [
                "4629beee-e5c1-40c7-a6be-84606219d834"
              ],
              "pending": [],
              "skipped": [
                "c3e983d1-c1b7-42cc-9cab-688711512e85",
                "b123dc74-23be-4c5f-a85f-cc07c19d67ef",
                "6f8be949-da56-4cd9-a70d-d02a435a9a78",
                "a2a3e783-4003-444f-afb2-3ce62dcc446e",
                "2b7ef54d-5005-479e-b95d-c3e739fc76b8",
                "3bc53485-014b-4b5d-95d7-6047fc3b1be9"
              ],
              "duration": 1035,
              "root": false,
              "rootEmpty": false,
              "_timeout": 2000
            }
          ],
          "passes": [],
          "failures": [],
          "pending": [],
          "skipped": [],
          "duration": 0,
          "root": false,
          "rootEmpty": false,
          "_timeout": 2000
        }
      ],
      "passes": [],
      "failures": [],
      "pending": [],
      "skipped": [],
      "duration": 0,
      "root": true,
      "rootEmpty": true,
      "_timeout": 2000
    }
  ],
  "meta": {
    "mocha": {
      "version": "7.1.0"
    },
    "mochawesome": {
      "options": {
        "quiet": false,
        "reportFilename": "mochawesome",
        "saveHtml": false,
        "saveJson": true,
        "consoleReporter": "spec",
        "useInlineDiffs": false,
        "code": true
      },
      "version": "5.0.0"
    },
    "marge": {
      "options": {
        "id": "default",
        "reportDir": "cypress/reports",
        "overwrite": true,
        "html": false,
        "json": true
      },
      "version": "4.1.0"
    }
  }
}